<?xml version="1.0" encoding="UTF-8"?>
<coverage generated="1777977976799" clover="3.2.0">
  <project timestamp="1777977976800" name="All files">
    <metrics statements="601" coveredstatements="333" conditionals="264" coveredconditionals="173" methods="166" coveredmethods="50" elements="1031" coveredelements="556" complexity="0" loc="601" ncloc="601" packages="5" files="15" classes="15"/>
    <package name="__tests__">
      <metrics statements="22" coveredstatements="9" conditionals="2" coveredconditionals="0" methods="13" coveredmethods="0"/>
      <file name="testHelpers.jsx" path="E:\capgemini-training\MediBook-Frontend\src\__tests__\testHelpers.jsx">
        <metrics statements="22" coveredstatements="9" conditionals="2" coveredconditionals="0" methods="13" coveredmethods="0"/>
        <line num="6" count="1" type="stmt"/>
        <line num="8" count="1" type="stmt"/>
        <line num="15" count="0" type="stmt"/>
        <line num="16" count="0" type="stmt"/>
        <line num="17" count="0" type="stmt"/>
        <line num="18" count="0" type="stmt"/>
        <line num="21" count="1" type="stmt"/>
        <line num="28" count="0" type="stmt"/>
        <line num="29" count="0" type="stmt"/>
        <line num="30" count="0" type="stmt"/>
        <line num="31" count="0" type="stmt"/>
        <line num="36" count="1" type="stmt"/>
        <line num="43" count="0" type="stmt"/>
        <line num="44" count="0" type="stmt"/>
        <line num="45" count="0" type="stmt"/>
        <line num="46" count="0" type="stmt"/>
        <line num="50" count="1" type="cond" truecount="0" falsecount="2"/>
        <line num="51" count="0" type="stmt"/>
        <line num="59" count="1" type="stmt"/>
        <line num="65" count="1" type="stmt"/>
        <line num="110" count="1" type="stmt"/>
        <line num="137" count="1" type="stmt"/>
      </file>
    </package>
    <package name="api">
      <metrics statements="199" coveredstatements="61" conditionals="6" coveredconditionals="0" methods="62" coveredmethods="0"/>
      <file name="appointmentApi.js" path="E:\capgemini-training\MediBook-Frontend\src\api\appointmentApi.js">
        <metrics statements="15" coveredstatements="5" conditionals="0" coveredconditionals="0" methods="5" coveredmethods="0"/>
        <line num="3" count="1" type="stmt"/>
        <line num="4" count="0" type="stmt"/>
        <line num="6" count="0" type="stmt"/>
        <line num="9" count="1" type="stmt"/>
        <line num="10" count="0" type="stmt"/>
        <line num="12" count="0" type="stmt"/>
        <line num="15" count="1" type="stmt"/>
        <line num="16" count="0" type="stmt"/>
        <line num="18" count="0" type="stmt"/>
        <line num="21" count="1" type="stmt"/>
        <line num="22" count="0" type="stmt"/>
        <line num="24" count="0" type="stmt"/>
        <line num="27" count="1" type="stmt"/>
        <line num="28" count="0" type="stmt"/>
        <line num="30" count="0" type="stmt"/>
      </file>
      <file name="authApi.js" path="E:\capgemini-training\MediBook-Frontend\src\api\authApi.js">
        <metrics statements="24" coveredstatements="8" conditionals="0" coveredconditionals="0" methods="8" coveredmethods="0"/>
        <line num="3" count="2" type="stmt"/>
        <line num="4" count="0" type="stmt"/>
        <line num="8" count="0" type="stmt"/>
        <line num="11" count="2" type="stmt"/>
        <line num="12" count="0" type="stmt"/>
        <line num="14" count="0" type="stmt"/>
        <line num="17" count="2" type="stmt"/>
        <line num="18" count="0" type="stmt"/>
        <line num="20" count="0" type="stmt"/>
        <line num="23" count="2" type="stmt"/>
        <line num="24" count="0" type="stmt"/>
        <line num="27" count="0" type="stmt"/>
        <line num="30" count="2" type="stmt"/>
        <line num="31" count="0" type="stmt"/>
        <line num="34" count="0" type="stmt"/>
        <line num="37" count="2" type="stmt"/>
        <line num="38" count="0" type="stmt"/>
        <line num="41" count="0" type="stmt"/>
        <line num="44" count="2" type="stmt"/>
        <line num="45" count="0" type="stmt"/>
        <line num="48" count="0" type="stmt"/>
        <line num="51" count="2" type="stmt"/>
        <line num="52" count="0" type="stmt"/>
        <line num="55" count="0" type="stmt"/>
      </file>
      <file name="axiosInstance.js" path="E:\capgemini-training\MediBook-Frontend\src\api\axiosInstance.js">
        <metrics statements="15" coveredstatements="3" conditionals="6" coveredconditionals="0" methods="4" coveredmethods="0"/>
        <line num="5" count="10" type="stmt"/>
        <line num="13" count="10" type="stmt"/>
        <line num="15" count="0" type="stmt"/>
        <line num="16" count="0" type="cond" truecount="0" falsecount="2"/>
        <line num="17" count="0" type="stmt"/>
        <line num="19" count="0" type="stmt"/>
        <line num="21" count="0" type="stmt"/>
        <line num="27" count="10" type="stmt"/>
        <line num="28" count="0" type="stmt"/>
        <line num="30" count="0" type="cond" truecount="0" falsecount="2"/>
        <line num="31" count="0" type="stmt"/>
        <line num="32" count="0" type="cond" truecount="0" falsecount="2"/>
        <line num="33" count="0" type="stmt"/>
        <line num="34" count="0" type="stmt"/>
        <line num="39" count="0" type="stmt"/>
      </file>
      <file name="notificationApi.js" path="E:\capgemini-training\MediBook-Frontend\src\api\notificationApi.js">
        <metrics statements="40" coveredstatements="10" conditionals="0" coveredconditionals="0" methods="10" coveredmethods="0"/>
        <line num="3" count="1" type="stmt"/>
        <line num="4" count="0" type="stmt"/>
        <line num="5" count="0" type="stmt"/>
        <line num="6" count="0" type="stmt"/>
        <line num="8" count="0" type="stmt"/>
        <line num="12" count="1" type="stmt"/>
        <line num="13" count="0" type="stmt"/>
        <line num="14" count="0" type="stmt"/>
        <line num="15" count="0" type="stmt"/>
        <line num="17" count="0" type="stmt"/>
        <line num="21" count="1" type="stmt"/>
        <line num="22" count="0" type="stmt"/>
        <line num="23" count="0" type="stmt"/>
        <line num="24" count="0" type="stmt"/>
        <line num="26" count="0" type="stmt"/>
        <line num="30" count="1" type="stmt"/>
        <line num="31" count="0" type="stmt"/>
        <line num="32" count="0" type="stmt"/>
        <line num="33" count="0" type="stmt"/>
        <line num="35" count="0" type="stmt"/>
        <line num="39" count="1" type="stmt"/>
        <line num="40" count="0" type="stmt"/>
        <line num="41" count="0" type="stmt"/>
        <line num="42" count="0" type="stmt"/>
        <line num="44" count="0" type="stmt"/>
        <line num="48" count="1" type="stmt"/>
        <line num="49" count="0" type="stmt"/>
        <line num="50" count="0" type="stmt"/>
        <line num="53" count="1" type="stmt"/>
        <line num="54" count="0" type="stmt"/>
        <line num="55" count="0" type="stmt"/>
        <line num="58" count="1" type="stmt"/>
        <line num="59" count="0" type="stmt"/>
        <line num="60" count="0" type="stmt"/>
        <line num="63" count="1" type="stmt"/>
        <line num="64" count="0" type="stmt"/>
        <line num="65" count="0" type="stmt"/>
        <line num="68" count="1" type="stmt"/>
        <line num="69" count="0" type="stmt"/>
        <line num="70" count="0" type="stmt"/>
      </file>
      <file name="paymentApi.js" path="E:\capgemini-training\MediBook-Frontend\src\api\paymentApi.js">
        <metrics statements="24" coveredstatements="8" conditionals="0" coveredconditionals="0" methods="8" coveredmethods="0"/>
        <line num="3" count="1" type="stmt"/>
        <line num="4" count="0" type="stmt"/>
        <line num="5" count="0" type="stmt"/>
        <line num="8" count="1" type="stmt"/>
        <line num="9" count="0" type="stmt"/>
        <line num="10" count="0" type="stmt"/>
        <line num="13" count="1" type="stmt"/>
        <line num="14" count="0" type="stmt"/>
        <line num="15" count="0" type="stmt"/>
        <line num="18" count="1" type="stmt"/>
        <line num="19" count="0" type="stmt"/>
        <line num="20" count="0" type="stmt"/>
        <line num="23" count="1" type="stmt"/>
        <line num="24" count="0" type="stmt"/>
        <line num="25" count="0" type="stmt"/>
        <line num="28" count="1" type="stmt"/>
        <line num="29" count="0" type="stmt"/>
        <line num="30" count="0" type="stmt"/>
        <line num="33" count="1" type="stmt"/>
        <line num="34" count="0" type="stmt"/>
        <line num="38" count="0" type="stmt"/>
        <line num="41" count="1" type="stmt"/>
        <line num="42" count="0" type="stmt"/>
        <line num="43" count="0" type="stmt"/>
      </file>
      <file name="providerApi.js" path="E:\capgemini-training\MediBook-Frontend\src\api\providerApi.js">
        <metrics statements="45" coveredstatements="15" conditionals="0" coveredconditionals="0" methods="15" coveredmethods="0"/>
        <line num="3" count="3" type="stmt"/>
        <line num="4" count="0" type="stmt"/>
        <line num="5" count="0" type="stmt"/>
        <line num="8" count="3" type="stmt"/>
        <line num="9" count="0" type="stmt"/>
        <line num="11" count="0" type="stmt"/>
        <line num="14" count="3" type="stmt"/>
        <line num="15" count="0" type="stmt"/>
        <line num="16" count="0" type="stmt"/>
        <line num="19" count="3" type="stmt"/>
        <line num="20" count="0" type="stmt"/>
        <line num="22" count="0" type="stmt"/>
        <line num="25" count="3" type="stmt"/>
        <line num="26" count="0" type="stmt"/>
        <line num="28" count="0" type="stmt"/>
        <line num="31" count="3" type="stmt"/>
        <line num="32" count="0" type="stmt"/>
        <line num="34" count="0" type="stmt"/>
        <line num="37" count="3" type="stmt"/>
        <line num="38" count="0" type="stmt"/>
        <line num="40" count="0" type="stmt"/>
        <line num="43" count="3" type="stmt"/>
        <line num="44" count="0" type="stmt"/>
        <line num="46" count="0" type="stmt"/>
        <line num="49" count="3" type="stmt"/>
        <line num="50" count="0" type="stmt"/>
        <line num="52" count="0" type="stmt"/>
        <line num="55" count="3" type="stmt"/>
        <line num="56" count="0" type="stmt"/>
        <line num="58" count="0" type="stmt"/>
        <line num="61" count="3" type="stmt"/>
        <line num="62" count="0" type="stmt"/>
        <line num="64" count="0" type="stmt"/>
        <line num="67" count="3" type="stmt"/>
        <line num="68" count="0" type="stmt"/>
        <line num="71" count="0" type="stmt"/>
        <line num="74" count="3" type="stmt"/>
        <line num="75" count="0" type="stmt"/>
        <line num="76" count="0" type="stmt"/>
        <line num="79" count="3" type="stmt"/>
        <line num="80" count="0" type="stmt"/>
        <line num="81" count="0" type="stmt"/>
        <line num="84" count="3" type="stmt"/>
        <line num="85" count="0" type="stmt"/>
        <line num="86" count="0" type="stmt"/>
      </file>
      <file name="reviewApi.js" path="E:\capgemini-training\MediBook-Frontend\src\api\reviewApi.js">
        <metrics statements="18" coveredstatements="6" conditionals="0" coveredconditionals="0" methods="6" coveredmethods="0"/>
        <line num="3" count="1" type="stmt"/>
        <line num="4" count="0" type="stmt"/>
        <line num="5" count="0" type="stmt"/>
        <line num="8" count="1" type="stmt"/>
        <line num="9" count="0" type="stmt"/>
        <line num="10" count="0" type="stmt"/>
        <line num="13" count="1" type="stmt"/>
        <line num="14" count="0" type="stmt"/>
        <line num="15" count="0" type="stmt"/>
        <line num="18" count="1" type="stmt"/>
        <line num="19" count="0" type="stmt"/>
        <line num="20" count="0" type="stmt"/>
        <line num="23" count="1" type="stmt"/>
        <line num="24" count="0" type="stmt"/>
        <line num="25" count="0" type="stmt"/>
        <line num="28" count="1" type="stmt"/>
        <line num="29" count="0" type="stmt"/>
        <line num="30" count="0" type="stmt"/>
      </file>
      <file name="scheduleApi.js" path="E:\capgemini-training\MediBook-Frontend\src\api\scheduleApi.js">
        <metrics statements="18" coveredstatements="6" conditionals="0" coveredconditionals="0" methods="6" coveredmethods="0"/>
        <line num="3" count="1" type="stmt"/>
        <line num="4" count="0" type="stmt"/>
        <line num="6" count="0" type="stmt"/>
        <line num="9" count="1" type="stmt"/>
        <line num="10" count="0" type="stmt"/>
        <line num="11" count="0" type="stmt"/>
        <line num="14" count="1" type="stmt"/>
        <line num="15" count="0" type="stmt"/>
        <line num="17" count="0" type="stmt"/>
        <line num="20" count="1" type="stmt"/>
        <line num="21" count="0" type="stmt"/>
        <line num="23" count="0" type="stmt"/>
        <line num="26" count="1" type="stmt"/>
        <line num="27" count="0" type="stmt"/>
        <line num="29" count="0" type="stmt"/>
        <line num="32" count="1" type="stmt"/>
        <line num="33" count="0" type="stmt"/>
        <line num="35" count="0" type="stmt"/>
      </file>
    </package>
    <package name="pages.auth">
      <metrics statements="116" coveredstatements="93" conditionals="72" coveredconditionals="61" methods="21" coveredmethods="14"/>
      <file name="LoginPage.jsx" path="E:\capgemini-training\MediBook-Frontend\src\pages\auth\LoginPage.jsx">
        <metrics statements="47" coveredstatements="38" conditionals="18" coveredconditionals="16" methods="7" coveredmethods="4"/>
        <line num="9" count="1" type="stmt"/>
        <line num="10" count="183" type="stmt"/>
        <line num="11" count="183" type="stmt"/>
        <line num="12" count="183" type="stmt"/>
        <line num="13" count="183" type="stmt"/>
        <line num="14" count="183" type="stmt"/>
        <line num="16" count="183" type="stmt"/>
        <line num="17" count="7" type="stmt"/>
        <line num="18" count="7" type="cond" truecount="4" falsecount="0"/>
        <line num="19" count="1" type="stmt"/>
        <line num="20" count="1" type="stmt"/>
        <line num="22" count="6" type="stmt"/>
        <line num="23" count="6" type="stmt"/>
        <line num="24" count="6" type="stmt"/>
        <line num="26" count="6" type="stmt"/>
        <line num="27" count="4" type="stmt"/>
        <line num="29" count="4" type="stmt"/>
        <line num="30" count="4" type="stmt"/>
        <line num="31" count="4" type="stmt"/>
        <line num="32" count="4" type="stmt"/>
        <line num="34" count="4" type="stmt"/>
        <line num="35" count="4" type="stmt"/>
        <line num="37" count="4" type="stmt"/>
        <line num="38" count="4" type="stmt"/>
        <line num="39" count="4" type="cond" truecount="1" falsecount="1"/>
        <line num="41" count="4" type="cond" truecount="2" falsecount="0"/>
        <line num="42" count="1" type="stmt"/>
        <line num="43" count="1" type="stmt"/>
        <line num="44" count="1" type="stmt"/>
        <line num="46" count="0" type="stmt"/>
        <line num="47" count="0" type="stmt"/>
        <line num="48" count="0" type="stmt"/>
        <line num="52" count="4" type="stmt"/>
        <line num="53" count="4" type="cond" truecount="2" falsecount="0"/>
        <line num="54" count="2" type="cond" truecount="2" falsecount="0"/>
        <line num="55" count="1" type="cond" truecount="1" falsecount="1"/>
        <line num="58" count="2" type="cond" truecount="2" falsecount="0"/>
        <line num="60" count="6" type="stmt"/>
        <line num="64" count="183" type="stmt"/>
        <line num="102" count="103" type="stmt"/>
        <line num="113" count="57" type="stmt"/>
        <line num="151" count="0" type="stmt"/>
        <line num="152" count="0" type="stmt"/>
        <line num="164" count="0" type="stmt"/>
        <line num="165" count="0" type="stmt"/>
        <line num="177" count="0" type="stmt"/>
        <line num="178" count="0" type="stmt"/>
      </file>
      <file name="RegisterPage.jsx" path="E:\capgemini-training\MediBook-Frontend\src\pages\auth\RegisterPage.jsx">
        <metrics statements="69" coveredstatements="55" conditionals="54" coveredconditionals="45" methods="14" coveredmethods="10"/>
        <line num="9" count="1" type="stmt"/>
        <line num="10" count="609" type="stmt"/>
        <line num="13" count="609" type="stmt"/>
        <line num="15" count="609" type="stmt"/>
        <line num="25" count="609" type="stmt"/>
        <line num="26" count="609" type="stmt"/>
        <line num="27" count="609" type="stmt"/>
        <line num="28" count="609" type="stmt"/>
        <line num="29" count="609" type="stmt"/>
        <line num="31" count="609" type="stmt"/>
        <line num="32" count="14" type="stmt"/>
        <line num="36" count="609" type="stmt"/>
        <line num="37" count="20" type="cond" truecount="2" falsecount="0"/>
        <line num="38" count="6" type="stmt"/>
        <line num="39" count="6" type="stmt"/>
        <line num="43" count="609" type="stmt"/>
        <line num="44" count="551" type="stmt"/>
        <line num="47" count="609" type="stmt"/>
        <line num="48" count="11" type="stmt"/>
        <line num="50" count="11" type="cond" truecount="6" falsecount="0"/>
        <line num="52" count="1" type="stmt"/>
        <line num="53" count="1" type="stmt"/>
        <line num="55" count="10" type="cond" truecount="2" falsecount="0"/>
        <line num="56" count="1" type="stmt"/>
        <line num="57" count="1" type="stmt"/>
        <line num="59" count="9" type="stmt"/>
        <line num="60" count="9" type="cond" truecount="2" falsecount="0"/>
        <line num="61" count="2" type="stmt"/>
        <line num="62" count="2" type="stmt"/>
        <line num="64" count="7" type="cond" truecount="2" falsecount="2"/>
        <line num="65" count="0" type="stmt"/>
        <line num="66" count="0" type="stmt"/>
        <line num="69" count="7" type="stmt"/>
        <line num="70" count="7" type="stmt"/>
        <line num="71" count="7" type="stmt"/>
        <line num="72" count="6" type="stmt"/>
        <line num="73" count="6" type="stmt"/>
        <line num="74" count="6" type="stmt"/>
        <line num="76" count="1" type="cond" truecount="1" falsecount="1"/>
        <line num="78" count="7" type="stmt"/>
        <line num="82" count="609" type="stmt"/>
        <line num="83" count="2" type="stmt"/>
        <line num="84" count="2" type="cond" truecount="3" falsecount="1"/>
        <line num="85" count="0" type="stmt"/>
        <line num="86" count="0" type="stmt"/>
        <line num="88" count="2" type="stmt"/>
        <line num="89" count="2" type="stmt"/>
        <line num="91" count="2" type="stmt"/>
        <line num="94" count="1" type="stmt"/>
        <line num="103" count="1" type="cond" truecount="1" falsecount="1"/>
        <line num="104" count="0" type="stmt"/>
        <line num="107" count="1" type="stmt"/>
        <line num="108" count="1" type="stmt"/>
        <line num="110" count="1" type="cond" truecount="2" falsecount="0"/>
        <line num="112" count="2" type="stmt"/>
        <line num="116" count="609" type="stmt"/>
        <line num="117" count="0" type="cond" truecount="0" falsecount="2"/>
        <line num="118" count="0" type="stmt"/>
        <line num="119" count="0" type="stmt"/>
        <line num="120" count="0" type="stmt"/>
        <line num="121" count="0" type="stmt"/>
        <line num="122" count="0" type="stmt"/>
        <line num="124" count="0" type="stmt"/>
        <line num="128" count="609" type="stmt"/>
        <line num="163" count="1174" type="stmt"/>
        <line num="165" count="0" type="stmt"/>
        <line num="230" count="0" type="stmt"/>
        <line num="289" count="12" type="stmt"/>
        <line num="337" count="1" type="stmt"/>
      </file>
    </package>
    <package name="pages.patient">
      <metrics statements="206" coveredstatements="146" conditionals="146" coveredconditionals="103" methods="60" coveredmethods="35"/>
      <file name="PatientAppointments.jsx" path="E:\capgemini-training\MediBook-Frontend\src\pages\patient\PatientAppointments.jsx">
        <metrics statements="206" coveredstatements="146" conditionals="146" coveredconditionals="103" methods="60" coveredmethods="35"/>
        <line num="15" count="1" type="stmt"/>
        <line num="17" count="1" type="stmt"/>
        <line num="18" count="202" type="stmt"/>
        <line num="19" count="202" type="stmt"/>
        <line num="22" count="202" type="stmt"/>
        <line num="25" count="202" type="stmt"/>
        <line num="26" count="202" type="stmt"/>
        <line num="27" count="202" type="stmt"/>
        <line num="28" count="202" type="stmt"/>
        <line num="29" count="202" type="stmt"/>
        <line num="30" count="202" type="stmt"/>
        <line num="31" count="202" type="stmt"/>
        <line num="34" count="202" type="stmt"/>
        <line num="35" count="202" type="stmt"/>
        <line num="36" count="202" type="stmt"/>
        <line num="37" count="202" type="stmt"/>
        <line num="38" count="202" type="stmt"/>
        <line num="39" count="202" type="stmt"/>
        <line num="40" count="202" type="stmt"/>
        <line num="41" count="202" type="stmt"/>
        <line num="42" count="202" type="stmt"/>
        <line num="43" count="202" type="stmt"/>
        <line num="44" count="202" type="stmt"/>
        <line num="47" count="202" type="stmt"/>
        <line num="54" count="202" type="stmt"/>
        <line num="55" count="17" type="stmt"/>
        <line num="56" count="17" type="stmt"/>
        <line num="59" count="202" type="stmt"/>
        <line num="60" count="19" type="stmt"/>
        <line num="61" count="19" type="stmt"/>
        <line num="63" count="0" type="stmt"/>
        <line num="64" count="0" type="stmt"/>
        <line num="65" count="0" type="cond" truecount="0" falsecount="2"/>
        <line num="67" count="0" type="stmt"/>
        <line num="71" count="19" type="stmt"/>
        <line num="74" count="202" type="stmt"/>
        <line num="75" count="19" type="stmt"/>
        <line num="76" count="19" type="stmt"/>
        <line num="77" count="19" type="stmt"/>
        <line num="78" count="19" type="stmt"/>
        <line num="79" count="19" type="stmt"/>
        <line num="81" count="0" type="stmt"/>
        <line num="83" count="19" type="stmt"/>
        <line num="87" count="202" type="stmt"/>
        <line num="88" count="17" type="stmt"/>
        <line num="89" count="17" type="stmt"/>
        <line num="90" count="17" type="stmt"/>
        <line num="92" count="0" type="stmt"/>
        <line num="96" count="202" type="stmt"/>
        <line num="97" count="14" type="stmt"/>
        <line num="98" count="14" type="stmt"/>
        <line num="99" count="14" type="stmt"/>
        <line num="100" count="14" type="stmt"/>
        <line num="101" count="42" type="cond" truecount="3" falsecount="0"/>
        <line num="105" count="14" type="stmt"/>
        <line num="106" count="14" type="stmt"/>
        <line num="108" count="0" type="stmt"/>
        <line num="112" count="202" type="stmt"/>
        <line num="113" count="10" type="stmt"/>
        <line num="114" count="10" type="stmt"/>
        <line num="115" count="10" type="stmt"/>
        <line num="116" count="10" type="stmt"/>
        <line num="117" count="10" type="stmt"/>
        <line num="119" count="10" type="stmt"/>
        <line num="122" count="202" type="stmt"/>
        <line num="123" count="10" type="stmt"/>
        <line num="124" count="10" type="stmt"/>
        <line num="125" count="10" type="stmt"/>
        <line num="126" count="10" type="stmt"/>
        <line num="127" count="30" type="cond" truecount="2" falsecount="0"/>
        <line num="128" count="10" type="cond" truecount="2" falsecount="0"/>
        <line num="129" count="10" type="stmt"/>
        <line num="130" count="10" type="cond" truecount="1" falsecount="1"/>
        <line num="132" count="0" type="stmt"/>
        <line num="134" count="10" type="stmt"/>
        <line num="138" count="202" type="stmt"/>
        <line num="139" count="0" type="cond" truecount="0" falsecount="2"/>
        <line num="140" count="0" type="stmt"/>
        <line num="141" count="0" type="stmt"/>
        <line num="142" count="0" type="stmt"/>
        <line num="143" count="0" type="stmt"/>
        <line num="144" count="0" type="cond" truecount="0" falsecount="2"/>
        <line num="146" count="0" type="stmt"/>
        <line num="148" count="0" type="stmt"/>
        <line num="152" count="202" type="stmt"/>
        <line num="153" count="0" type="cond" truecount="0" falsecount="2"/>
        <line num="154" count="0" type="stmt"/>
        <line num="155" count="0" type="stmt"/>
        <line num="157" count="0" type="stmt"/>
        <line num="158" count="0" type="stmt"/>
        <line num="159" count="0" type="stmt"/>
        <line num="168" count="0" type="stmt"/>
        <line num="169" count="0" type="stmt"/>
        <line num="170" count="0" type="stmt"/>
        <line num="172" count="0" type="cond" truecount="0" falsecount="2"/>
        <line num="174" count="0" type="stmt"/>
        <line num="178" count="202" type="stmt"/>
        <line num="179" count="0" type="cond" truecount="0" falsecount="2"/>
        <line num="180" count="0" type="stmt"/>
        <line num="181" count="0" type="stmt"/>
        <line num="182" count="0" type="stmt"/>
        <line num="189" count="0" type="stmt"/>
        <line num="190" count="0" type="stmt"/>
        <line num="192" count="0" type="stmt"/>
        <line num="196" count="202" type="stmt"/>
        <line num="197" count="5" type="cond" truecount="2" falsecount="0"/>
        <line num="198" count="1" type="stmt"/>
        <line num="199" count="1" type="stmt"/>
        <line num="201" count="4" type="stmt"/>
        <line num="202" count="4" type="stmt"/>
        <line num="204" count="4" type="stmt"/>
        <line num="207" count="3" type="stmt"/>
        <line num="220" count="2" type="cond" truecount="1" falsecount="1"/>
        <line num="223" count="2" type="cond" truecount="2" falsecount="0"/>
        <line num="224" count="1" type="stmt"/>
        <line num="232" count="1" type="stmt"/>
        <line num="240" count="1" type="stmt"/>
        <line num="246" count="1" type="stmt"/>
        <line num="247" count="1" type="stmt"/>
        <line num="248" count="1" type="stmt"/>
        <line num="249" count="1" type="stmt"/>
        <line num="250" count="1" type="stmt"/>
        <line num="251" count="1" type="stmt"/>
        <line num="255" count="1" type="stmt"/>
        <line num="258" count="1" type="stmt"/>
        <line num="270" count="1" type="stmt"/>
        <line num="272" count="1" type="stmt"/>
        <line num="279" count="1" type="stmt"/>
        <line num="288" count="1" type="stmt"/>
        <line num="296" count="1" type="stmt"/>
        <line num="302" count="1" type="stmt"/>
        <line num="303" count="1" type="stmt"/>
        <line num="304" count="1" type="stmt"/>
        <line num="305" count="1" type="stmt"/>
        <line num="307" count="0" type="stmt"/>
        <line num="309" count="1" type="stmt"/>
        <line num="313" count="0" type="stmt"/>
        <line num="314" count="0" type="stmt"/>
        <line num="320" count="1" type="stmt"/>
        <line num="321" count="1" type="stmt"/>
        <line num="322" count="1" type="stmt"/>
        <line num="323" count="1" type="stmt"/>
        <line num="324" count="1" type="stmt"/>
        <line num="326" count="1" type="stmt"/>
        <line num="329" count="2" type="cond" truecount="1" falsecount="1"/>
        <line num="330" count="2" type="stmt"/>
        <line num="334" count="202" type="stmt"/>
        <line num="335" count="15" type="stmt"/>
        <line num="336" count="15" type="stmt"/>
        <line num="337" count="15" type="stmt"/>
        <line num="338" count="15" type="stmt"/>
        <line num="339" count="15" type="stmt"/>
        <line num="340" count="15" type="stmt"/>
        <line num="341" count="15" type="stmt"/>
        <line num="342" count="15" type="stmt"/>
        <line num="345" count="202" type="stmt"/>
        <line num="346" count="1" type="stmt"/>
        <line num="347" count="1" type="cond" truecount="1" falsecount="1"/>
        <line num="351" count="202" type="stmt"/>
        <line num="352" count="230" type="cond" truecount="2" falsecount="0"/>
        <line num="353" count="230" type="stmt"/>
        <line num="354" count="230" type="stmt"/>
        <line num="357" count="202" type="stmt"/>
        <line num="358" count="122" type="stmt"/>
        <line num="363" count="202" type="stmt"/>
        <line num="372" count="404" type="cond" truecount="1" falsecount="1"/>
        <line num="394" count="0" type="stmt"/>
        <line num="410" count="1" type="stmt"/>
        <line num="423" count="0" type="stmt"/>
        <line num="442" count="0" type="stmt"/>
        <line num="443" count="0" type="stmt"/>
        <line num="444" count="0" type="stmt"/>
        <line num="470" count="660" type="stmt"/>
        <line num="517" count="87" type="stmt"/>
        <line num="519" count="14" type="stmt"/>
        <line num="527" count="14" type="stmt"/>
        <line num="528" count="14" type="stmt"/>
        <line num="531" count="0" type="stmt"/>
        <line num="532" count="0" type="stmt"/>
        <line num="551" count="0" type="stmt"/>
        <line num="577" count="28" type="stmt"/>
        <line num="585" count="10" type="stmt"/>
        <line num="587" count="10" type="stmt"/>
        <line num="588" count="10" type="stmt"/>
        <line num="591" count="0" type="stmt"/>
        <line num="592" count="0" type="stmt"/>
        <line num="654" count="0" type="stmt"/>
        <line num="695" count="0" type="stmt"/>
        <line num="710" count="0" type="stmt"/>
        <line num="734" count="17" type="stmt"/>
        <line num="745" count="34" type="stmt"/>
        <line num="746" count="34" type="stmt"/>
        <line num="749" count="7" type="stmt"/>
        <line num="780" count="6" type="stmt"/>
        <line num="794" count="0" type="stmt"/>
        <line num="853" count="80" type="stmt"/>
        <line num="861" count="0" type="stmt"/>
        <line num="874" count="0" type="stmt"/>
        <line num="887" count="3" type="stmt"/>
        <line num="997" count="0" type="stmt"/>
        <line num="1004" count="0" type="stmt"/>
        <line num="1040" count="0" type="stmt"/>
        <line num="1059" count="0" type="stmt"/>
        <line num="1061" count="0" type="stmt"/>
        <line num="1087" count="0" type="stmt"/>
        <line num="1111" count="0" type="stmt"/>
      </file>
    </package>
    <package name="utils">
      <metrics statements="58" coveredstatements="24" conditionals="38" coveredconditionals="9" methods="10" coveredmethods="1"/>
      <file name="constants.js" path="E:\capgemini-training\MediBook-Frontend\src\utils\constants.js">
        <metrics statements="4" coveredstatements="4" conditionals="0" coveredconditionals="0" methods="0" coveredmethods="0"/>
        <line num="1" count="12" type="stmt"/>
        <line num="3" count="12" type="stmt"/>
        <line num="9" count="12" type="stmt"/>
        <line num="25" count="12" type="stmt"/>
      </file>
      <file name="passwordUtils.js" path="E:\capgemini-training\MediBook-Frontend\src\utils\passwordUtils.js">
        <metrics statements="24" coveredstatements="13" conditionals="26" coveredconditionals="9" methods="2" coveredmethods="1"/>
        <line num="1" count="1" type="stmt"/>
        <line num="2" count="9" type="stmt"/>
        <line num="4" count="9" type="cond" truecount="2" falsecount="0"/>
        <line num="5" count="1" type="stmt"/>
        <line num="7" count="9" type="cond" truecount="2" falsecount="0"/>
        <line num="8" count="2" type="stmt"/>
        <line num="10" count="9" type="cond" truecount="1" falsecount="1"/>
        <line num="11" count="0" type="stmt"/>
        <line num="13" count="9" type="cond" truecount="2" falsecount="0"/>
        <line num="14" count="1" type="stmt"/>
        <line num="16" count="9" type="cond" truecount="2" falsecount="0"/>
        <line num="17" count="1" type="stmt"/>
        <line num="20" count="9" type="stmt"/>
        <line num="26" count="1" type="stmt"/>
        <line num="27" count="0" type="stmt"/>
        <line num="28" count="0" type="cond" truecount="0" falsecount="2"/>
        <line num="29" count="0" type="cond" truecount="0" falsecount="2"/>
        <line num="30" count="0" type="cond" truecount="0" falsecount="2"/>
        <line num="31" count="0" type="cond" truecount="0" falsecount="2"/>
        <line num="32" count="0" type="cond" truecount="0" falsecount="2"/>
        <line num="34" count="0" type="cond" truecount="0" falsecount="2"/>
        <line num="35" count="0" type="cond" truecount="0" falsecount="2"/>
        <line num="36" count="0" type="cond" truecount="0" falsecount="2"/>
        <line num="37" count="0" type="stmt"/>
      </file>
      <file name="tokenUtils.js" path="E:\capgemini-training\MediBook-Frontend\src\utils\tokenUtils.js">
        <metrics statements="30" coveredstatements="7" conditionals="12" coveredconditionals="0" methods="8" coveredmethods="0"/>
        <line num="1" count="9" type="stmt"/>
        <line num="2" count="0" type="stmt"/>
        <line num="5" count="9" type="stmt"/>
        <line num="6" count="0" type="stmt"/>
        <line num="9" count="9" type="stmt"/>
        <line num="10" count="0" type="stmt"/>
        <line num="13" count="9" type="stmt"/>
        <line num="14" count="0" type="stmt"/>
        <line num="15" count="0" type="stmt"/>
        <line num="16" count="0" type="stmt"/>
        <line num="19" count="0" type="stmt"/>
        <line num="22" count="0" type="stmt"/>
        <line num="26" count="0" type="stmt"/>
        <line num="28" count="0" type="stmt"/>
        <line num="32" count="9" type="stmt"/>
        <line num="33" count="0" type="stmt"/>
        <line num="34" count="0" type="cond" truecount="0" falsecount="2"/>
        <line num="35" count="0" type="stmt"/>
        <line num="36" count="0" type="cond" truecount="0" falsecount="2"/>
        <line num="39" count="9" type="stmt"/>
        <line num="40" count="0" type="stmt"/>
        <line num="41" count="0" type="cond" truecount="0" falsecount="2"/>
        <line num="42" count="0" type="stmt"/>
        <line num="43" count="0" type="cond" truecount="0" falsecount="2"/>
        <line num="46" count="9" type="stmt"/>
        <line num="47" count="0" type="stmt"/>
        <line num="48" count="0" type="cond" truecount="0" falsecount="2"/>
        <line num="49" count="0" type="stmt"/>
        <line num="50" count="0" type="cond" truecount="0" falsecount="2"/>
        <line num="51" count="0" type="stmt"/>
      </file>
    </package>
  </project>
</coverage>
