{"E:\\capgemini-training\\MediBook-Frontend\\src\\__tests__\\testHelpers.jsx": {"path":"E:\\capgemini-training\\MediBook-Frontend\\src\\__tests__\\testHelpers.jsx","statementMap":{"0":{"start":{"line":6,"column":24},"end":{"line":6,"column":43}},"1":{"start":{"line":8,"column":27},"end":{"line":19,"column":1}},"2":{"start":{"line":15,"column":25},"end":{"line":15,"column":29}},"3":{"start":{"line":16,"column":19},"end":{"line":16,"column":23}},"4":{"start":{"line":17,"column":20},"end":{"line":17,"column":25}},"5":{"start":{"line":18,"column":17},"end":{"line":18,"column":22}},"6":{"start":{"line":21,"column":28},"end":{"line":34,"column":1}},"7":{"start":{"line":28,"column":25},"end":{"line":28,"column":29}},"8":{"start":{"line":29,"column":19},"end":{"line":29,"column":24}},"9":{"start":{"line":30,"column":20},"end":{"line":30,"column":24}},"10":{"start":{"line":31,"column":17},"end":{"line":31,"column":22}},"11":{"start":{"line":36,"column":25},"end":{"line":48,"column":1}},"12":{"start":{"line":43,"column":25},"end":{"line":43,"column":29}},"13":{"start":{"line":44,"column":19},"end":{"line":44,"column":24}},"14":{"start":{"line":45,"column":20},"end":{"line":45,"column":25}},"15":{"start":{"line":46,"column":17},"end":{"line":46,"column":21}},"16":{"start":{"line":50,"column":35},"end":{"line":56,"column":1}},"17":{"start":{"line":51,"column":2},"end":{"line":55,"column":4}},"18":{"start":{"line":59,"column":35},"end":{"line":63,"column":1}},"19":{"start":{"line":65,"column":29},"end":{"line":108,"column":1}},"20":{"start":{"line":110,"column":25},"end":{"line":135,"column":1}},"21":{"start":{"line":137,"column":31},"end":{"line":149,"column":1}}},"fnMap":{"0":{"name":"(anonymous_0)","decl":{"start":{"line":15,"column":19},"end":{"line":15,"column":20}},"loc":{"start":{"line":15,"column":25},"end":{"line":15,"column":29}},"line":15},"1":{"name":"(anonymous_1)","decl":{"start":{"line":16,"column":13},"end":{"line":16,"column":14}},"loc":{"start":{"line":16,"column":19},"end":{"line":16,"column":23}},"line":16},"2":{"name":"(anonymous_2)","decl":{"start":{"line":17,"column":14},"end":{"line":17,"column":15}},"loc":{"start":{"line":17,"column":20},"end":{"line":17,"column":25}},"line":17},"3":{"name":"(anonymous_3)","decl":{"start":{"line":18,"column":11},"end":{"line":18,"column":12}},"loc":{"start":{"line":18,"column":17},"end":{"line":18,"column":22}},"line":18},"4":{"name":"(anonymous_4)","decl":{"start":{"line":28,"column":19},"end":{"line":28,"column":20}},"loc":{"start":{"line":28,"column":25},"end":{"line":28,"column":29}},"line":28},"5":{"name":"(anonymous_5)","decl":{"start":{"line":29,"column":13},"end":{"line":29,"column":14}},"loc":{"start":{"line":29,"column":19},"end":{"line":29,"column":24}},"line":29},"6":{"name":"(anonymous_6)","decl":{"start":{"line":30,"column":14},"end":{"line":30,"column":15}},"loc":{"start":{"line":30,"column":20},"end":{"line":30,"column":24}},"line":30},"7":{"name":"(anonymous_7)","decl":{"start":{"line":31,"column":11},"end":{"line":31,"column":12}},"loc":{"start":{"line":31,"column":17},"end":{"line":31,"column":22}},"line":31},"8":{"name":"(anonymous_8)","decl":{"start":{"line":43,"column":19},"end":{"line":43,"column":20}},"loc":{"start":{"line":43,"column":25},"end":{"line":43,"column":29}},"line":43},"9":{"name":"(anonymous_9)","decl":{"start":{"line":44,"column":13},"end":{"line":44,"column":14}},"loc":{"start":{"line":44,"column":19},"end":{"line":44,"column":24}},"line":44},"10":{"name":"(anonymous_10)","decl":{"start":{"line":45,"column":14},"end":{"line":45,"column":15}},"loc":{"start":{"line":45,"column":20},"end":{"line":45,"column":25}},"line":45},"11":{"name":"(anonymous_11)","decl":{"start":{"line":46,"column":11},"end":{"line":46,"column":12}},"loc":{"start":{"line":46,"column":17},"end":{"line":46,"column":21}},"line":46},"12":{"name":"(anonymous_12)","decl":{"start":{"line":50,"column":35},"end":{"line":50,"column":36}},"loc":{"start":{"line":50,"column":77},"end":{"line":56,"column":1}},"line":50}},"branchMap":{"0":{"loc":{"start":{"line":50,"column":40},"end":{"line":50,"column":72}},"type":"default-arg","locations":[{"start":{"line":50,"column":70},"end":{"line":50,"column":72}}],"line":50},"1":{"loc":{"start":{"line":50,"column":42},"end":{"line":50,"column":65}},"type":"default-arg","locations":[{"start":{"line":50,"column":54},"end":{"line":50,"column":65}}],"line":50}},"s":{"0":1,"1":1,"2":0,"3":0,"4":0,"5":0,"6":1,"7":0,"8":0,"9":0,"10":0,"11":1,"12":0,"13":0,"14":0,"15":0,"16":1,"17":0,"18":1,"19":1,"20":1,"21":1},"f":{"0":0,"1":0,"2":0,"3":0,"4":0,"5":0,"6":0,"7":0,"8":0,"9":0,"10":0,"11":0,"12":0},"b":{"0":[0],"1":[0]},"_coverageSchema":"1a1c01bbd47fc00a2c39e90264f33305004495a9","hash":"7d0fda740a0d904a833769df08c987863c7e9769"}
,"E:\\capgemini-training\\MediBook-Frontend\\src\\api\\appointmentApi.js": {"path":"E:\\capgemini-training\\MediBook-Frontend\\src\\api\\appointmentApi.js","statementMap":{"0":{"start":{"line":3,"column":31},"end":{"line":7,"column":1}},"1":{"start":{"line":4,"column":19},"end":{"line":5,"column":37}},"2":{"start":{"line":6,"column":2},"end":{"line":6,"column":23}},"3":{"start":{"line":9,"column":40},"end":{"line":13,"column":1}},"4":{"start":{"line":10,"column":19},"end":{"line":11,"column":41}},"5":{"start":{"line":12,"column":2},"end":{"line":12,"column":23}},"6":{"start":{"line":15,"column":41},"end":{"line":19,"column":1}},"7":{"start":{"line":16,"column":19},"end":{"line":17,"column":43}},"8":{"start":{"line":18,"column":2},"end":{"line":18,"column":23}},"9":{"start":{"line":21,"column":33},"end":{"line":25,"column":1}},"10":{"start":{"line":22,"column":19},"end":{"line":23,"column":33}},"11":{"start":{"line":24,"column":2},"end":{"line":24,"column":23}},"12":{"start":{"line":27,"column":35},"end":{"line":31,"column":1}},"13":{"start":{"line":28,"column":19},"end":{"line":29,"column":35}},"14":{"start":{"line":30,"column":2},"end":{"line":30,"column":23}}},"fnMap":{"0":{"name":"(anonymous_0)","decl":{"start":{"line":3,"column":31},"end":{"line":3,"column":32}},"loc":{"start":{"line":3,"column":58},"end":{"line":7,"column":1}},"line":3},"1":{"name":"(anonymous_1)","decl":{"start":{"line":9,"column":40},"end":{"line":9,"column":41}},"loc":{"start":{"line":9,"column":61},"end":{"line":13,"column":1}},"line":9},"2":{"name":"(anonymous_2)","decl":{"start":{"line":15,"column":41},"end":{"line":15,"column":42}},"loc":{"start":{"line":15,"column":63},"end":{"line":19,"column":1}},"line":15},"3":{"name":"(anonymous_3)","decl":{"start":{"line":21,"column":33},"end":{"line":21,"column":34}},"loc":{"start":{"line":21,"column":47},"end":{"line":25,"column":1}},"line":21},"4":{"name":"(anonymous_4)","decl":{"start":{"line":27,"column":35},"end":{"line":27,"column":36}},"loc":{"start":{"line":27,"column":49},"end":{"line":31,"column":1}},"line":27}},"branchMap":{},"s":{"0":1,"1":0,"2":0,"3":1,"4":0,"5":0,"6":1,"7":0,"8":0,"9":1,"10":0,"11":0,"12":1,"13":0,"14":0},"f":{"0":0,"1":0,"2":0,"3":0,"4":0},"b":{},"_coverageSchema":"1a1c01bbd47fc00a2c39e90264f33305004495a9","hash":"769fd87f58c3bb8010f892d7ce044afa2348f841"}
,"E:\\capgemini-training\\MediBook-Frontend\\src\\api\\authApi.js": {"path":"E:\\capgemini-training\\MediBook-Frontend\\src\\api\\authApi.js","statementMap":{"0":{"start":{"line":3,"column":25},"end":{"line":9,"column":1}},"1":{"start":{"line":4,"column":19},"end":{"line":7,"column":4}},"2":{"start":{"line":8,"column":2},"end":{"line":8,"column":23}},"3":{"start":{"line":11,"column":28},"end":{"line":15,"column":1}},"4":{"start":{"line":12,"column":19},"end":{"line":13,"column":31}},"5":{"start":{"line":14,"column":2},"end":{"line":14,"column":23}},"6":{"start":{"line":17,"column":30},"end":{"line":21,"column":1}},"7":{"start":{"line":18,"column":19},"end":{"line":19,"column":32}},"8":{"start":{"line":20,"column":2},"end":{"line":20,"column":23}},"9":{"start":{"line":23,"column":23},"end":{"line":28,"column":1}},"10":{"start":{"line":24,"column":19},"end":{"line":26,"column":3}},"11":{"start":{"line":27,"column":2},"end":{"line":27,"column":23}},"12":{"start":{"line":30,"column":25},"end":{"line":35,"column":1}},"13":{"start":{"line":31,"column":19},"end":{"line":33,"column":3}},"14":{"start":{"line":34,"column":2},"end":{"line":34,"column":23}},"15":{"start":{"line":37,"column":37},"end":{"line":42,"column":1}},"16":{"start":{"line":38,"column":19},"end":{"line":40,"column":3}},"17":{"start":{"line":41,"column":2},"end":{"line":41,"column":23}},"18":{"start":{"line":44,"column":29},"end":{"line":49,"column":1}},"19":{"start":{"line":45,"column":19},"end":{"line":47,"column":3}},"20":{"start":{"line":48,"column":2},"end":{"line":48,"column":23}},"21":{"start":{"line":51,"column":30},"end":{"line":56,"column":1}},"22":{"start":{"line":52,"column":19},"end":{"line":54,"column":3}},"23":{"start":{"line":55,"column":2},"end":{"line":55,"column":23}}},"fnMap":{"0":{"name":"(anonymous_0)","decl":{"start":{"line":3,"column":25},"end":{"line":3,"column":26}},"loc":{"start":{"line":3,"column":52},"end":{"line":9,"column":1}},"line":3},"1":{"name":"(anonymous_1)","decl":{"start":{"line":11,"column":28},"end":{"line":11,"column":29}},"loc":{"start":{"line":11,"column":48},"end":{"line":15,"column":1}},"line":11},"2":{"name":"(anonymous_2)","decl":{"start":{"line":17,"column":30},"end":{"line":17,"column":31}},"loc":{"start":{"line":17,"column":47},"end":{"line":21,"column":1}},"line":17},"3":{"name":"(anonymous_3)","decl":{"start":{"line":23,"column":23},"end":{"line":23,"column":24}},"loc":{"start":{"line":23,"column":40},"end":{"line":28,"column":1}},"line":23},"4":{"name":"(anonymous_4)","decl":{"start":{"line":30,"column":25},"end":{"line":30,"column":26}},"loc":{"start":{"line":30,"column":47},"end":{"line":35,"column":1}},"line":30},"5":{"name":"(anonymous_5)","decl":{"start":{"line":37,"column":37},"end":{"line":37,"column":38}},"loc":{"start":{"line":37,"column":54},"end":{"line":42,"column":1}},"line":37},"6":{"name":"(anonymous_6)","decl":{"start":{"line":44,"column":29},"end":{"line":44,"column":30}},"loc":{"start":{"line":44,"column":64},"end":{"line":49,"column":1}},"line":44},"7":{"name":"(anonymous_7)","decl":{"start":{"line":51,"column":30},"end":{"line":51,"column":31}},"loc":{"start":{"line":51,"column":77},"end":{"line":56,"column":1}},"line":51}},"branchMap":{},"s":{"0":2,"1":0,"2":0,"3":2,"4":0,"5":0,"6":2,"7":0,"8":0,"9":2,"10":0,"11":0,"12":2,"13":0,"14":0,"15":2,"16":0,"17":0,"18":2,"19":0,"20":0,"21":2,"22":0,"23":0},"f":{"0":0,"1":0,"2":0,"3":0,"4":0,"5":0,"6":0,"7":0},"b":{},"_coverageSchema":"1a1c01bbd47fc00a2c39e90264f33305004495a9","hash":"ac72683d96d7885dbf08ac4b2f67779234579d59"}
,"E:\\capgemini-training\\MediBook-Frontend\\src\\api\\axiosInstance.js": {"path":"E:\\capgemini-training\\MediBook-Frontend\\src\\api\\axiosInstance.js","statementMap":{"0":{"start":{"line":5,"column":22},"end":{"line":10,"column":2}},"1":{"start":{"line":13,"column":0},"end":{"line":22,"column":2}},"2":{"start":{"line":15,"column":18},"end":{"line":15,"column":28}},"3":{"start":{"line":16,"column":4},"end":{"line":18,"column":5}},"4":{"start":{"line":17,"column":6},"end":{"line":17,"column":55}},"5":{"start":{"line":19,"column":4},"end":{"line":19,"column":18}},"6":{"start":{"line":21,"column":13},"end":{"line":21,"column":34}},"7":{"start":{"line":27,"column":0},"end":{"line":41,"column":2}},"8":{"start":{"line":28,"column":16},"end":{"line":28,"column":24}},"9":{"start":{"line":30,"column":4},"end":{"line":38,"column":5}},"10":{"start":{"line":31,"column":20},"end":{"line":31,"column":30}},"11":{"start":{"line":32,"column":6},"end":{"line":35,"column":7}},"12":{"start":{"line":33,"column":8},"end":{"line":33,"column":22}},"13":{"start":{"line":34,"column":8},"end":{"line":34,"column":40}},"14":{"start":{"line":39,"column":4},"end":{"line":39,"column":33}}},"fnMap":{"0":{"name":"(anonymous_0)","decl":{"start":{"line":14,"column":2},"end":{"line":14,"column":3}},"loc":{"start":{"line":14,"column":14},"end":{"line":20,"column":3}},"line":14},"1":{"name":"(anonymous_1)","decl":{"start":{"line":21,"column":2},"end":{"line":21,"column":3}},"loc":{"start":{"line":21,"column":13},"end":{"line":21,"column":34}},"line":21},"2":{"name":"(anonymous_2)","decl":{"start":{"line":28,"column":2},"end":{"line":28,"column":3}},"loc":{"start":{"line":28,"column":16},"end":{"line":28,"column":24}},"line":28},"3":{"name":"(anonymous_3)","decl":{"start":{"line":29,"column":2},"end":{"line":29,"column":3}},"loc":{"start":{"line":29,"column":13},"end":{"line":40,"column":3}},"line":29}},"branchMap":{"0":{"loc":{"start":{"line":16,"column":4},"end":{"line":18,"column":5}},"type":"if","locations":[{"start":{"line":16,"column":4},"end":{"line":18,"column":5}},{"start":{},"end":{}}],"line":16},"1":{"loc":{"start":{"line":30,"column":4},"end":{"line":38,"column":5}},"type":"if","locations":[{"start":{"line":30,"column":4},"end":{"line":38,"column":5}},{"start":{},"end":{}}],"line":30},"2":{"loc":{"start":{"line":32,"column":6},"end":{"line":35,"column":7}},"type":"if","locations":[{"start":{"line":32,"column":6},"end":{"line":35,"column":7}},{"start":{},"end":{}}],"line":32}},"s":{"0":10,"1":10,"2":0,"3":0,"4":0,"5":0,"6":0,"7":10,"8":0,"9":0,"10":0,"11":0,"12":0,"13":0,"14":0},"f":{"0":0,"1":0,"2":0,"3":0},"b":{"0":[0,0],"1":[0,0],"2":[0,0]},"_coverageSchema":"1a1c01bbd47fc00a2c39e90264f33305004495a9","hash":"a878031ff8ec9e2b50adb6c2a556b797574d662a"}
,"E:\\capgemini-training\\MediBook-Frontend\\src\\api\\notificationApi.js": {"path":"E:\\capgemini-training\\MediBook-Frontend\\src\\api\\notificationApi.js","statementMap":{"0":{"start":{"line":3,"column":49},"end":{"line":10,"column":1}},"1":{"start":{"line":4,"column":2},"end":{"line":9,"column":3}},"2":{"start":{"line":5,"column":21},"end":{"line":5,"column":88}},"3":{"start":{"line":6,"column":4},"end":{"line":6,"column":25}},"4":{"start":{"line":8,"column":4},"end":{"line":8,"column":47}},"5":{"start":{"line":12,"column":52},"end":{"line":19,"column":1}},"6":{"start":{"line":13,"column":2},"end":{"line":18,"column":3}},"7":{"start":{"line":14,"column":21},"end":{"line":14,"column":91}},"8":{"start":{"line":15,"column":4},"end":{"line":15,"column":25}},"9":{"start":{"line":17,"column":4},"end":{"line":17,"column":47}},"10":{"start":{"line":21,"column":52},"end":{"line":28,"column":1}},"11":{"start":{"line":22,"column":2},"end":{"line":27,"column":3}},"12":{"start":{"line":23,"column":21},"end":{"line":23,"column":91}},"13":{"start":{"line":24,"column":4},"end":{"line":24,"column":25}},"14":{"start":{"line":26,"column":4},"end":{"line":26,"column":47}},"15":{"start":{"line":30,"column":46},"end":{"line":37,"column":1}},"16":{"start":{"line":31,"column":2},"end":{"line":36,"column":3}},"17":{"start":{"line":32,"column":21},"end":{"line":32,"column":85}},"18":{"start":{"line":33,"column":4},"end":{"line":33,"column":25}},"19":{"start":{"line":35,"column":4},"end":{"line":35,"column":47}},"20":{"start":{"line":39,"column":47},"end":{"line":46,"column":1}},"21":{"start":{"line":40,"column":2},"end":{"line":45,"column":3}},"22":{"start":{"line":41,"column":21},"end":{"line":41,"column":86}},"23":{"start":{"line":42,"column":4},"end":{"line":42,"column":25}},"24":{"start":{"line":44,"column":4},"end":{"line":44,"column":47}},"25":{"start":{"line":48,"column":38},"end":{"line":51,"column":1}},"26":{"start":{"line":49,"column":19},"end":{"line":49,"column":75}},"27":{"start":{"line":50,"column":2},"end":{"line":50,"column":23}},"28":{"start":{"line":53,"column":38},"end":{"line":56,"column":1}},"29":{"start":{"line":54,"column":19},"end":{"line":54,"column":82}},"30":{"start":{"line":55,"column":2},"end":{"line":55,"column":23}},"31":{"start":{"line":58,"column":30},"end":{"line":61,"column":1}},"32":{"start":{"line":59,"column":19},"end":{"line":59,"column":81}},"33":{"start":{"line":60,"column":2},"end":{"line":60,"column":23}},"34":{"start":{"line":63,"column":26},"end":{"line":66,"column":1}},"35":{"start":{"line":64,"column":19},"end":{"line":64,"column":83}},"36":{"start":{"line":65,"column":2},"end":{"line":65,"column":23}},"37":{"start":{"line":68,"column":29},"end":{"line":71,"column":1}},"38":{"start":{"line":69,"column":19},"end":{"line":69,"column":84}},"39":{"start":{"line":70,"column":2},"end":{"line":70,"column":23}}},"fnMap":{"0":{"name":"(anonymous_0)","decl":{"start":{"line":3,"column":49},"end":{"line":3,"column":50}},"loc":{"start":{"line":3,"column":65},"end":{"line":10,"column":1}},"line":3},"1":{"name":"(anonymous_1)","decl":{"start":{"line":12,"column":52},"end":{"line":12,"column":53}},"loc":{"start":{"line":12,"column":68},"end":{"line":19,"column":1}},"line":12},"2":{"name":"(anonymous_2)","decl":{"start":{"line":21,"column":52},"end":{"line":21,"column":53}},"loc":{"start":{"line":21,"column":68},"end":{"line":28,"column":1}},"line":21},"3":{"name":"(anonymous_3)","decl":{"start":{"line":30,"column":46},"end":{"line":30,"column":47}},"loc":{"start":{"line":30,"column":62},"end":{"line":37,"column":1}},"line":30},"4":{"name":"(anonymous_4)","decl":{"start":{"line":39,"column":47},"end":{"line":39,"column":48}},"loc":{"start":{"line":39,"column":63},"end":{"line":46,"column":1}},"line":39},"5":{"name":"(anonymous_5)","decl":{"start":{"line":48,"column":38},"end":{"line":48,"column":39}},"loc":{"start":{"line":48,"column":56},"end":{"line":51,"column":1}},"line":48},"6":{"name":"(anonymous_6)","decl":{"start":{"line":53,"column":38},"end":{"line":53,"column":39}},"loc":{"start":{"line":53,"column":56},"end":{"line":56,"column":1}},"line":53},"7":{"name":"(anonymous_7)","decl":{"start":{"line":58,"column":30},"end":{"line":58,"column":31}},"loc":{"start":{"line":58,"column":48},"end":{"line":61,"column":1}},"line":58},"8":{"name":"(anonymous_8)","decl":{"start":{"line":63,"column":26},"end":{"line":63,"column":27}},"loc":{"start":{"line":63,"column":52},"end":{"line":66,"column":1}},"line":63},"9":{"name":"(anonymous_9)","decl":{"start":{"line":68,"column":29},"end":{"line":68,"column":30}},"loc":{"start":{"line":68,"column":47},"end":{"line":71,"column":1}},"line":68}},"branchMap":{},"s":{"0":1,"1":0,"2":0,"3":0,"4":0,"5":1,"6":0,"7":0,"8":0,"9":0,"10":1,"11":0,"12":0,"13":0,"14":0,"15":1,"16":0,"17":0,"18":0,"19":0,"20":1,"21":0,"22":0,"23":0,"24":0,"25":1,"26":0,"27":0,"28":1,"29":0,"30":0,"31":1,"32":0,"33":0,"34":1,"35":0,"36":0,"37":1,"38":0,"39":0},"f":{"0":0,"1":0,"2":0,"3":0,"4":0,"5":0,"6":0,"7":0,"8":0,"9":0},"b":{},"_coverageSchema":"1a1c01bbd47fc00a2c39e90264f33305004495a9","hash":"19cc0cd376d773b04126ec1c5c2bdc1027e5fb04"}
,"E:\\capgemini-training\\MediBook-Frontend\\src\\api\\paymentApi.js": {"path":"E:\\capgemini-training\\MediBook-Frontend\\src\\api\\paymentApi.js","statementMap":{"0":{"start":{"line":3,"column":30},"end":{"line":6,"column":1}},"1":{"start":{"line":4,"column":19},"end":{"line":4,"column":69}},"2":{"start":{"line":5,"column":2},"end":{"line":5,"column":23}},"3":{"start":{"line":8,"column":36},"end":{"line":11,"column":1}},"4":{"start":{"line":9,"column":19},"end":{"line":9,"column":76}},"5":{"start":{"line":10,"column":2},"end":{"line":10,"column":23}},"6":{"start":{"line":13,"column":37},"end":{"line":16,"column":1}},"7":{"start":{"line":14,"column":19},"end":{"line":14,"column":78}},"8":{"start":{"line":15,"column":2},"end":{"line":15,"column":23}},"9":{"start":{"line":18,"column":34},"end":{"line":21,"column":1}},"10":{"start":{"line":19,"column":19},"end":{"line":19,"column":77}},"11":{"start":{"line":20,"column":2},"end":{"line":20,"column":23}},"12":{"start":{"line":23,"column":29},"end":{"line":26,"column":1}},"13":{"start":{"line":24,"column":19},"end":{"line":24,"column":75}},"14":{"start":{"line":25,"column":2},"end":{"line":25,"column":23}},"15":{"start":{"line":28,"column":32},"end":{"line":31,"column":1}},"16":{"start":{"line":29,"column":19},"end":{"line":29,"column":75}},"17":{"start":{"line":30,"column":2},"end":{"line":30,"column":23}},"18":{"start":{"line":33,"column":35},"end":{"line":39,"column":1}},"19":{"start":{"line":34,"column":19},"end":{"line":37,"column":4}},"20":{"start":{"line":38,"column":2},"end":{"line":38,"column":23}},"21":{"start":{"line":41,"column":37},"end":{"line":44,"column":1}},"22":{"start":{"line":42,"column":19},"end":{"line":42,"column":78}},"23":{"start":{"line":43,"column":2},"end":{"line":43,"column":23}}},"fnMap":{"0":{"name":"(anonymous_0)","decl":{"start":{"line":3,"column":30},"end":{"line":3,"column":31}},"loc":{"start":{"line":3,"column":53},"end":{"line":6,"column":1}},"line":3},"1":{"name":"(anonymous_1)","decl":{"start":{"line":8,"column":36},"end":{"line":8,"column":37}},"loc":{"start":{"line":8,"column":57},"end":{"line":11,"column":1}},"line":8},"2":{"name":"(anonymous_2)","decl":{"start":{"line":13,"column":37},"end":{"line":13,"column":38}},"loc":{"start":{"line":13,"column":59},"end":{"line":16,"column":1}},"line":13},"3":{"name":"(anonymous_3)","decl":{"start":{"line":18,"column":34},"end":{"line":18,"column":35}},"loc":{"start":{"line":18,"column":56},"end":{"line":21,"column":1}},"line":18},"4":{"name":"(anonymous_4)","decl":{"start":{"line":23,"column":29},"end":{"line":23,"column":30}},"loc":{"start":{"line":23,"column":50},"end":{"line":26,"column":1}},"line":23},"5":{"name":"(anonymous_5)","decl":{"start":{"line":28,"column":32},"end":{"line":28,"column":33}},"loc":{"start":{"line":28,"column":53},"end":{"line":31,"column":1}},"line":28},"6":{"name":"(anonymous_6)","decl":{"start":{"line":33,"column":35},"end":{"line":33,"column":36}},"loc":{"start":{"line":33,"column":68},"end":{"line":39,"column":1}},"line":33},"7":{"name":"(anonymous_7)","decl":{"start":{"line":41,"column":37},"end":{"line":41,"column":38}},"loc":{"start":{"line":41,"column":53},"end":{"line":44,"column":1}},"line":41}},"branchMap":{},"s":{"0":1,"1":0,"2":0,"3":1,"4":0,"5":0,"6":1,"7":0,"8":0,"9":1,"10":0,"11":0,"12":1,"13":0,"14":0,"15":1,"16":0,"17":0,"18":1,"19":0,"20":0,"21":1,"22":0,"23":0},"f":{"0":0,"1":0,"2":0,"3":0,"4":0,"5":0,"6":0,"7":0},"b":{},"_coverageSchema":"1a1c01bbd47fc00a2c39e90264f33305004495a9","hash":"04f5ca72dff51878adeac86a45c5f110a98f1aaf"}
,"E:\\capgemini-training\\MediBook-Frontend\\src\\api\\providerApi.js": {"path":"E:\\capgemini-training\\MediBook-Frontend\\src\\api\\providerApi.js","statementMap":{"0":{"start":{"line":3,"column":31},"end":{"line":6,"column":1}},"1":{"start":{"line":4,"column":19},"end":{"line":4,"column":56}},"2":{"start":{"line":5,"column":2},"end":{"line":5,"column":23}},"3":{"start":{"line":8,"column":31},"end":{"line":12,"column":1}},"4":{"start":{"line":9,"column":19},"end":{"line":10,"column":39}},"5":{"start":{"line":11,"column":2},"end":{"line":11,"column":23}},"6":{"start":{"line":14,"column":31},"end":{"line":17,"column":1}},"7":{"start":{"line":15,"column":19},"end":{"line":15,"column":62}},"8":{"start":{"line":16,"column":2},"end":{"line":16,"column":23}},"9":{"start":{"line":19,"column":35},"end":{"line":23,"column":1}},"10":{"start":{"line":20,"column":19},"end":{"line":21,"column":32}},"11":{"start":{"line":22,"column":2},"end":{"line":22,"column":23}},"12":{"start":{"line":25,"column":30},"end":{"line":29,"column":1}},"13":{"start":{"line":26,"column":19},"end":{"line":27,"column":31}},"14":{"start":{"line":28,"column":2},"end":{"line":28,"column":23}},"15":{"start":{"line":31,"column":30},"end":{"line":35,"column":1}},"16":{"start":{"line":32,"column":19},"end":{"line":33,"column":37}},"17":{"start":{"line":34,"column":2},"end":{"line":34,"column":23}},"18":{"start":{"line":37,"column":30},"end":{"line":41,"column":1}},"19":{"start":{"line":38,"column":19},"end":{"line":39,"column":30}},"20":{"start":{"line":40,"column":2},"end":{"line":40,"column":23}},"21":{"start":{"line":43,"column":31},"end":{"line":47,"column":1}},"22":{"start":{"line":44,"column":19},"end":{"line":45,"column":59}},"23":{"start":{"line":46,"column":2},"end":{"line":46,"column":23}},"24":{"start":{"line":49,"column":35},"end":{"line":53,"column":1}},"25":{"start":{"line":50,"column":19},"end":{"line":51,"column":51}},"26":{"start":{"line":52,"column":2},"end":{"line":52,"column":23}},"27":{"start":{"line":55,"column":36},"end":{"line":59,"column":1}},"28":{"start":{"line":56,"column":19},"end":{"line":57,"column":38}},"29":{"start":{"line":58,"column":2},"end":{"line":58,"column":23}},"30":{"start":{"line":61,"column":35},"end":{"line":65,"column":1}},"31":{"start":{"line":62,"column":19},"end":{"line":63,"column":37}},"32":{"start":{"line":64,"column":2},"end":{"line":64,"column":23}},"33":{"start":{"line":67,"column":35},"end":{"line":72,"column":1}},"34":{"start":{"line":68,"column":19},"end":{"line":70,"column":4}},"35":{"start":{"line":71,"column":2},"end":{"line":71,"column":23}},"36":{"start":{"line":74,"column":34},"end":{"line":77,"column":1}},"37":{"start":{"line":75,"column":19},"end":{"line":75,"column":62}},"38":{"start":{"line":76,"column":2},"end":{"line":76,"column":23}},"39":{"start":{"line":79,"column":33},"end":{"line":82,"column":1}},"40":{"start":{"line":80,"column":19},"end":{"line":80,"column":73}},"41":{"start":{"line":81,"column":2},"end":{"line":81,"column":23}},"42":{"start":{"line":84,"column":36},"end":{"line":87,"column":1}},"43":{"start":{"line":85,"column":19},"end":{"line":85,"column":71}},"44":{"start":{"line":86,"column":2},"end":{"line":86,"column":23}}},"fnMap":{"0":{"name":"(anonymous_0)","decl":{"start":{"line":3,"column":31},"end":{"line":3,"column":32}},"loc":{"start":{"line":3,"column":43},"end":{"line":6,"column":1}},"line":3},"1":{"name":"(anonymous_1)","decl":{"start":{"line":8,"column":31},"end":{"line":8,"column":32}},"loc":{"start":{"line":8,"column":48},"end":{"line":12,"column":1}},"line":8},"2":{"name":"(anonymous_2)","decl":{"start":{"line":14,"column":31},"end":{"line":14,"column":32}},"loc":{"start":{"line":14,"column":45},"end":{"line":17,"column":1}},"line":14},"3":{"name":"(anonymous_3)","decl":{"start":{"line":19,"column":35},"end":{"line":19,"column":36}},"loc":{"start":{"line":19,"column":53},"end":{"line":23,"column":1}},"line":19},"4":{"name":"(anonymous_4)","decl":{"start":{"line":25,"column":30},"end":{"line":25,"column":31}},"loc":{"start":{"line":25,"column":54},"end":{"line":29,"column":1}},"line":25},"5":{"name":"(anonymous_5)","decl":{"start":{"line":31,"column":30},"end":{"line":31,"column":31}},"loc":{"start":{"line":31,"column":58},"end":{"line":35,"column":1}},"line":31},"6":{"name":"(anonymous_6)","decl":{"start":{"line":37,"column":30},"end":{"line":37,"column":31}},"loc":{"start":{"line":37,"column":44},"end":{"line":41,"column":1}},"line":37},"7":{"name":"(anonymous_7)","decl":{"start":{"line":43,"column":31},"end":{"line":43,"column":32}},"loc":{"start":{"line":43,"column":56},"end":{"line":47,"column":1}},"line":43},"8":{"name":"(anonymous_8)","decl":{"start":{"line":49,"column":35},"end":{"line":49,"column":36}},"loc":{"start":{"line":49,"column":63},"end":{"line":53,"column":1}},"line":49},"9":{"name":"(anonymous_9)","decl":{"start":{"line":55,"column":36},"end":{"line":55,"column":37}},"loc":{"start":{"line":55,"column":50},"end":{"line":59,"column":1}},"line":55},"10":{"name":"(anonymous_10)","decl":{"start":{"line":61,"column":35},"end":{"line":61,"column":36}},"loc":{"start":{"line":61,"column":49},"end":{"line":65,"column":1}},"line":61},"11":{"name":"(anonymous_11)","decl":{"start":{"line":67,"column":35},"end":{"line":67,"column":36}},"loc":{"start":{"line":67,"column":70},"end":{"line":72,"column":1}},"line":67},"12":{"name":"(anonymous_12)","decl":{"start":{"line":74,"column":34},"end":{"line":74,"column":35}},"loc":{"start":{"line":74,"column":46},"end":{"line":77,"column":1}},"line":74},"13":{"name":"(anonymous_13)","decl":{"start":{"line":79,"column":33},"end":{"line":79,"column":34}},"loc":{"start":{"line":79,"column":49},"end":{"line":82,"column":1}},"line":79},"14":{"name":"(anonymous_14)","decl":{"start":{"line":84,"column":36},"end":{"line":84,"column":37}},"loc":{"start":{"line":84,"column":50},"end":{"line":87,"column":1}},"line":84}},"branchMap":{},"s":{"0":3,"1":0,"2":0,"3":3,"4":0,"5":0,"6":3,"7":0,"8":0,"9":3,"10":0,"11":0,"12":3,"13":0,"14":0,"15":3,"16":0,"17":0,"18":3,"19":0,"20":0,"21":3,"22":0,"23":0,"24":3,"25":0,"26":0,"27":3,"28":0,"29":0,"30":3,"31":0,"32":0,"33":3,"34":0,"35":0,"36":3,"37":0,"38":0,"39":3,"40":0,"41":0,"42":3,"43":0,"44":0},"f":{"0":0,"1":0,"2":0,"3":0,"4":0,"5":0,"6":0,"7":0,"8":0,"9":0,"10":0,"11":0,"12":0,"13":0,"14":0},"b":{},"_coverageSchema":"1a1c01bbd47fc00a2c39e90264f33305004495a9","hash":"a3bbc2da84298967d928517e70200e7dab9f3f9c"}
,"E:\\capgemini-training\\MediBook-Frontend\\src\\api\\reviewApi.js": {"path":"E:\\capgemini-training\\MediBook-Frontend\\src\\api\\reviewApi.js","statementMap":{"0":{"start":{"line":3,"column":28},"end":{"line":6,"column":1}},"1":{"start":{"line":4,"column":19},"end":{"line":4,"column":67}},"2":{"start":{"line":5,"column":2},"end":{"line":5,"column":23}},"3":{"start":{"line":8,"column":36},"end":{"line":11,"column":1}},"4":{"start":{"line":9,"column":19},"end":{"line":9,"column":77}},"5":{"start":{"line":10,"column":2},"end":{"line":10,"column":23}},"6":{"start":{"line":13,"column":32},"end":{"line":16,"column":1}},"7":{"start":{"line":14,"column":19},"end":{"line":14,"column":84}},"8":{"start":{"line":15,"column":2},"end":{"line":15,"column":23}},"9":{"start":{"line":18,"column":35},"end":{"line":21,"column":1}},"10":{"start":{"line":19,"column":19},"end":{"line":19,"column":75}},"11":{"start":{"line":20,"column":2},"end":{"line":20,"column":23}},"12":{"start":{"line":23,"column":33},"end":{"line":26,"column":1}},"13":{"start":{"line":24,"column":19},"end":{"line":24,"column":90}},"14":{"start":{"line":25,"column":2},"end":{"line":25,"column":23}},"15":{"start":{"line":28,"column":38},"end":{"line":31,"column":1}},"16":{"start":{"line":29,"column":19},"end":{"line":29,"column":83}},"17":{"start":{"line":30,"column":2},"end":{"line":30,"column":23}}},"fnMap":{"0":{"name":"(anonymous_0)","decl":{"start":{"line":3,"column":28},"end":{"line":3,"column":29}},"loc":{"start":{"line":3,"column":50},"end":{"line":6,"column":1}},"line":3},"1":{"name":"(anonymous_1)","decl":{"start":{"line":8,"column":36},"end":{"line":8,"column":37}},"loc":{"start":{"line":8,"column":58},"end":{"line":11,"column":1}},"line":8},"2":{"name":"(anonymous_2)","decl":{"start":{"line":13,"column":32},"end":{"line":13,"column":33}},"loc":{"start":{"line":13,"column":54},"end":{"line":16,"column":1}},"line":13},"3":{"name":"(anonymous_3)","decl":{"start":{"line":18,"column":35},"end":{"line":18,"column":36}},"loc":{"start":{"line":18,"column":56},"end":{"line":21,"column":1}},"line":18},"4":{"name":"(anonymous_4)","decl":{"start":{"line":23,"column":33},"end":{"line":23,"column":34}},"loc":{"start":{"line":23,"column":58},"end":{"line":26,"column":1}},"line":23},"5":{"name":"(anonymous_5)","decl":{"start":{"line":28,"column":38},"end":{"line":28,"column":39}},"loc":{"start":{"line":28,"column":63},"end":{"line":31,"column":1}},"line":28}},"branchMap":{},"s":{"0":1,"1":0,"2":0,"3":1,"4":0,"5":0,"6":1,"7":0,"8":0,"9":1,"10":0,"11":0,"12":1,"13":0,"14":0,"15":1,"16":0,"17":0},"f":{"0":0,"1":0,"2":0,"3":0,"4":0,"5":0},"b":{},"_coverageSchema":"1a1c01bbd47fc00a2c39e90264f33305004495a9","hash":"1e4a7665e9fdcd576e80c5ad684fb8fc788472b1"}
,"E:\\capgemini-training\\MediBook-Frontend\\src\\api\\scheduleApi.js": {"path":"E:\\capgemini-training\\MediBook-Frontend\\src\\api\\scheduleApi.js","statementMap":{"0":{"start":{"line":3,"column":33},"end":{"line":7,"column":1}},"1":{"start":{"line":4,"column":19},"end":{"line":5,"column":61}},"2":{"start":{"line":6,"column":2},"end":{"line":6,"column":23}},"3":{"start":{"line":9,"column":23},"end":{"line":12,"column":1}},"4":{"start":{"line":10,"column":19},"end":{"line":10,"column":63}},"5":{"start":{"line":11,"column":2},"end":{"line":11,"column":23}},"6":{"start":{"line":14,"column":34},"end":{"line":18,"column":1}},"7":{"start":{"line":15,"column":19},"end":{"line":16,"column":36}},"8":{"start":{"line":17,"column":2},"end":{"line":17,"column":23}},"9":{"start":{"line":20,"column":24},"end":{"line":24,"column":1}},"10":{"start":{"line":21,"column":19},"end":{"line":22,"column":28}},"11":{"start":{"line":23,"column":2},"end":{"line":23,"column":23}},"12":{"start":{"line":26,"column":27},"end":{"line":30,"column":1}},"13":{"start":{"line":27,"column":19},"end":{"line":28,"column":31}},"14":{"start":{"line":29,"column":2},"end":{"line":29,"column":23}},"15":{"start":{"line":32,"column":26},"end":{"line":36,"column":1}},"16":{"start":{"line":33,"column":19},"end":{"line":34,"column":23}},"17":{"start":{"line":35,"column":2},"end":{"line":35,"column":23}}},"fnMap":{"0":{"name":"(anonymous_0)","decl":{"start":{"line":3,"column":33},"end":{"line":3,"column":34}},"loc":{"start":{"line":3,"column":61},"end":{"line":7,"column":1}},"line":3},"1":{"name":"(anonymous_1)","decl":{"start":{"line":9,"column":23},"end":{"line":9,"column":24}},"loc":{"start":{"line":9,"column":43},"end":{"line":12,"column":1}},"line":9},"2":{"name":"(anonymous_2)","decl":{"start":{"line":14,"column":34},"end":{"line":14,"column":35}},"loc":{"start":{"line":14,"column":56},"end":{"line":18,"column":1}},"line":14},"3":{"name":"(anonymous_3)","decl":{"start":{"line":20,"column":24},"end":{"line":20,"column":25}},"loc":{"start":{"line":20,"column":42},"end":{"line":24,"column":1}},"line":20},"4":{"name":"(anonymous_4)","decl":{"start":{"line":26,"column":27},"end":{"line":26,"column":28}},"loc":{"start":{"line":26,"column":45},"end":{"line":30,"column":1}},"line":26},"5":{"name":"(anonymous_5)","decl":{"start":{"line":32,"column":26},"end":{"line":32,"column":27}},"loc":{"start":{"line":32,"column":44},"end":{"line":36,"column":1}},"line":32}},"branchMap":{},"s":{"0":1,"1":0,"2":0,"3":1,"4":0,"5":0,"6":1,"7":0,"8":0,"9":1,"10":0,"11":0,"12":1,"13":0,"14":0,"15":1,"16":0,"17":0},"f":{"0":0,"1":0,"2":0,"3":0,"4":0,"5":0},"b":{},"_coverageSchema":"1a1c01bbd47fc00a2c39e90264f33305004495a9","hash":"d9cb7e0d9337e0a7006c4fde967f84532e8f508d"}
,"E:\\capgemini-training\\MediBook-Frontend\\src\\pages\\auth\\LoginPage.jsx": {"path":"E:\\capgemini-training\\MediBook-Frontend\\src\\pages\\auth\\LoginPage.jsx","statementMap":{"0":{"start":{"line":9,"column":18},"end":{"line":202,"column":1}},"1":{"start":{"line":10,"column":28},"end":{"line":10,"column":40}},"2":{"start":{"line":11,"column":34},"end":{"line":11,"column":46}},"3":{"start":{"line":12,"column":32},"end":{"line":12,"column":47}},"4":{"start":{"line":13,"column":20},"end":{"line":13,"column":29}},"5":{"start":{"line":14,"column":19},"end":{"line":14,"column":32}},"6":{"start":{"line":16,"column":22},"end":{"line":62,"column":3}},"7":{"start":{"line":17,"column":4},"end":{"line":17,"column":23}},"8":{"start":{"line":18,"column":4},"end":{"line":21,"column":5}},"9":{"start":{"line":19,"column":6},"end":{"line":19,"column":53}},"10":{"start":{"line":20,"column":6},"end":{"line":20,"column":13}},"11":{"start":{"line":22,"column":4},"end":{"line":22,"column":21}},"12":{"start":{"line":23,"column":4},"end":{"line":61,"column":5}},"13":{"start":{"line":24,"column":6},"end":{"line":24,"column":27}},"14":{"start":{"line":26,"column":20},"end":{"line":26,"column":52}},"15":{"start":{"line":27,"column":6},"end":{"line":27,"column":19}},"16":{"start":{"line":29,"column":29},"end":{"line":29,"column":67}},"17":{"start":{"line":30,"column":22},"end":{"line":30,"column":39}},"18":{"start":{"line":31,"column":19},"end":{"line":31,"column":31}},"19":{"start":{"line":32,"column":24},"end":{"line":32,"column":35}},"20":{"start":{"line":34,"column":6},"end":{"line":34,"column":47}},"21":{"start":{"line":35,"column":6},"end":{"line":35,"column":41}},"22":{"start":{"line":37,"column":22},"end":{"line":37,"column":53}},"23":{"start":{"line":38,"column":6},"end":{"line":38,"column":57}},"24":{"start":{"line":39,"column":6},"end":{"line":39,"column":63}},"25":{"start":{"line":41,"column":6},"end":{"line":50,"column":7}},"26":{"start":{"line":42,"column":8},"end":{"line":49,"column":9}},"27":{"start":{"line":43,"column":30},"end":{"line":43,"column":67}},"28":{"start":{"line":44,"column":10},"end":{"line":44,"column":77}},"29":{"start":{"line":46,"column":10},"end":{"line":46,"column":48}},"30":{"start":{"line":47,"column":10},"end":{"line":47,"column":38}},"31":{"start":{"line":48,"column":10},"end":{"line":48,"column":17}},"32":{"start":{"line":52,"column":6},"end":{"line":52,"column":41}},"33":{"start":{"line":53,"column":6},"end":{"line":55,"column":70}},"34":{"start":{"line":53,"column":34},"end":{"line":53,"column":69}},"35":{"start":{"line":54,"column":11},"end":{"line":55,"column":70}},"36":{"start":{"line":54,"column":40},"end":{"line":54,"column":76}},"37":{"start":{"line":55,"column":11},"end":{"line":55,"column":70}},"38":{"start":{"line":55,"column":37},"end":{"line":55,"column":70}},"39":{"start":{"line":58,"column":6},"end":{"line":58,"column":69}},"40":{"start":{"line":60,"column":6},"end":{"line":60,"column":24}},"41":{"start":{"line":64,"column":2},"end":{"line":201,"column":4}},"42":{"start":{"line":102,"column":31},"end":{"line":102,"column":55}},"43":{"start":{"line":113,"column":31},"end":{"line":113,"column":58}},"44":{"start":{"line":151,"column":16},"end":{"line":151,"column":55}},"45":{"start":{"line":152,"column":16},"end":{"line":152,"column":42}},"46":{"start":{"line":164,"column":16},"end":{"line":164,"column":53}},"47":{"start":{"line":165,"column":16},"end":{"line":165,"column":41}},"48":{"start":{"line":177,"column":16},"end":{"line":177,"column":47}},"49":{"start":{"line":178,"column":16},"end":{"line":178,"column":40}}},"fnMap":{"0":{"name":"(anonymous_0)","decl":{"start":{"line":9,"column":18},"end":{"line":9,"column":19}},"loc":{"start":{"line":9,"column":24},"end":{"line":202,"column":1}},"line":9},"1":{"name":"(anonymous_1)","decl":{"start":{"line":16,"column":22},"end":{"line":16,"column":23}},"loc":{"start":{"line":16,"column":35},"end":{"line":62,"column":3}},"line":16},"2":{"name":"(anonymous_2)","decl":{"start":{"line":102,"column":24},"end":{"line":102,"column":25}},"loc":{"start":{"line":102,"column":31},"end":{"line":102,"column":55}},"line":102},"3":{"name":"(anonymous_3)","decl":{"start":{"line":113,"column":24},"end":{"line":113,"column":25}},"loc":{"start":{"line":113,"column":31},"end":{"line":113,"column":58}},"line":113},"4":{"name":"(anonymous_4)","decl":{"start":{"line":150,"column":23},"end":{"line":150,"column":24}},"loc":{"start":{"line":150,"column":29},"end":{"line":153,"column":15}},"line":150},"5":{"name":"(anonymous_5)","decl":{"start":{"line":163,"column":23},"end":{"line":163,"column":24}},"loc":{"start":{"line":163,"column":29},"end":{"line":166,"column":15}},"line":163},"6":{"name":"(anonymous_6)","decl":{"start":{"line":176,"column":23},"end":{"line":176,"column":24}},"loc":{"start":{"line":176,"column":29},"end":{"line":179,"column":15}},"line":176}},"branchMap":{"0":{"loc":{"start":{"line":18,"column":4},"end":{"line":21,"column":5}},"type":"if","locations":[{"start":{"line":18,"column":4},"end":{"line":21,"column":5}},{"start":{},"end":{}}],"line":18},"1":{"loc":{"start":{"line":18,"column":8},"end":{"line":18,"column":27}},"type":"binary-expr","locations":[{"start":{"line":18,"column":8},"end":{"line":18,"column":14}},{"start":{"line":18,"column":18},"end":{"line":18,"column":27}}],"line":18},"2":{"loc":{"start":{"line":39,"column":39},"end":{"line":39,"column":61}},"type":"binary-expr","locations":[{"start":{"line":39,"column":39},"end":{"line":39,"column":55}},{"start":{"line":39,"column":59},"end":{"line":39,"column":61}}],"line":39},"3":{"loc":{"start":{"line":41,"column":6},"end":{"line":50,"column":7}},"type":"if","locations":[{"start":{"line":41,"column":6},"end":{"line":50,"column":7}},{"start":{},"end":{}}],"line":41},"4":{"loc":{"start":{"line":53,"column":6},"end":{"line":55,"column":70}},"type":"if","locations":[{"start":{"line":53,"column":6},"end":{"line":55,"column":70}},{"start":{"line":54,"column":11},"end":{"line":55,"column":70}}],"line":53},"5":{"loc":{"start":{"line":54,"column":11},"end":{"line":55,"column":70}},"type":"if","locations":[{"start":{"line":54,"column":11},"end":{"line":55,"column":70}},{"start":{"line":55,"column":11},"end":{"line":55,"column":70}}],"line":54},"6":{"loc":{"start":{"line":55,"column":11},"end":{"line":55,"column":70}},"type":"if","locations":[{"start":{"line":55,"column":11},"end":{"line":55,"column":70}},{"start":{},"end":{}}],"line":55},"7":{"loc":{"start":{"line":58,"column":18},"end":{"line":58,"column":67}},"type":"binary-expr","locations":[{"start":{"line":58,"column":18},"end":{"line":58,"column":36}},{"start":{"line":58,"column":40},"end":{"line":58,"column":67}}],"line":58},"8":{"loc":{"start":{"line":131,"column":13},"end":{"line":131,"column":48}},"type":"cond-expr","locations":[{"start":{"line":131,"column":23},"end":{"line":131,"column":38}},{"start":{"line":131,"column":41},"end":{"line":131,"column":48}}],"line":131}},"s":{"0":1,"1":183,"2":183,"3":183,"4":183,"5":183,"6":183,"7":7,"8":7,"9":1,"10":1,"11":6,"12":6,"13":6,"14":6,"15":4,"16":4,"17":4,"18":4,"19":4,"20":4,"21":4,"22":4,"23":4,"24":4,"25":4,"26":1,"27":1,"28":1,"29":0,"30":0,"31":0,"32":4,"33":4,"34":2,"35":2,"36":1,"37":1,"38":1,"39":2,"40":6,"41":183,"42":103,"43":57,"44":0,"45":0,"46":0,"47":0,"48":0,"49":0},"f":{"0":183,"1":7,"2":103,"3":57,"4":0,"5":0,"6":0},"b":{"0":[1,6],"1":[7,6],"2":[4,0],"3":[1,3],"4":[2,2],"5":[1,1],"6":[1,0],"7":[2,1],"8":[6,177]},"_coverageSchema":"1a1c01bbd47fc00a2c39e90264f33305004495a9","hash":"44e22eaf005dfb9f051c815952dd3ab013f463db"}
,"E:\\capgemini-training\\MediBook-Frontend\\src\\pages\\auth\\RegisterPage.jsx": {"path":"E:\\capgemini-training\\MediBook-Frontend\\src\\pages\\auth\\RegisterPage.jsx","statementMap":{"0":{"start":{"line":9,"column":21},"end":{"line":365,"column":1}},"1":{"start":{"line":10,"column":19},"end":{"line":10,"column":32}},"2":{"start":{"line":13,"column":26},"end":{"line":13,"column":42}},"3":{"start":{"line":15,"column":34},"end":{"line":23,"column":4}},"4":{"start":{"line":25,"column":24},"end":{"line":25,"column":36}},"5":{"start":{"line":26,"column":34},"end":{"line":26,"column":45}},"6":{"start":{"line":27,"column":48},"end":{"line":27,"column":60}},"7":{"start":{"line":28,"column":32},"end":{"line":28,"column":47}},"8":{"start":{"line":29,"column":38},"end":{"line":29,"column":53}},"9":{"start":{"line":31,"column":2},"end":{"line":33,"column":9}},"10":{"start":{"line":32,"column":4},"end":{"line":32,"column":71}},"11":{"start":{"line":36,"column":2},"end":{"line":41,"column":17}},"12":{"start":{"line":37,"column":4},"end":{"line":40,"column":5}},"13":{"start":{"line":38,"column":20},"end":{"line":38,"column":69}},"14":{"start":{"line":38,"column":37},"end":{"line":38,"column":62}},"15":{"start":{"line":39,"column":6},"end":{"line":39,"column":39}},"16":{"start":{"line":39,"column":19},"end":{"line":39,"column":38}},"17":{"start":{"line":43,"column":23},"end":{"line":45,"column":3}},"18":{"start":{"line":44,"column":4},"end":{"line":44,"column":66}},"19":{"start":{"line":47,"column":24},"end":{"line":80,"column":3}},"20":{"start":{"line":48,"column":4},"end":{"line":48,"column":23}},"21":{"start":{"line":50,"column":4},"end":{"line":54,"column":5}},"22":{"start":{"line":52,"column":6},"end":{"line":52,"column":47}},"23":{"start":{"line":53,"column":6},"end":{"line":53,"column":13}},"24":{"start":{"line":55,"column":4},"end":{"line":58,"column":5}},"25":{"start":{"line":56,"column":6},"end":{"line":56,"column":44}},"26":{"start":{"line":57,"column":6},"end":{"line":57,"column":13}},"27":{"start":{"line":59,"column":26},"end":{"line":59,"column":65}},"28":{"start":{"line":60,"column":4},"end":{"line":63,"column":5}},"29":{"start":{"line":61,"column":6},"end":{"line":61,"column":79}},"30":{"start":{"line":62,"column":6},"end":{"line":62,"column":13}},"31":{"start":{"line":64,"column":4},"end":{"line":67,"column":5}},"32":{"start":{"line":65,"column":6},"end":{"line":65,"column":55}},"33":{"start":{"line":66,"column":6},"end":{"line":66,"column":13}},"34":{"start":{"line":69,"column":4},"end":{"line":69,"column":21}},"35":{"start":{"line":70,"column":4},"end":{"line":79,"column":5}},"36":{"start":{"line":71,"column":6},"end":{"line":71,"column":36}},"37":{"start":{"line":72,"column":6},"end":{"line":72,"column":72}},"38":{"start":{"line":73,"column":6},"end":{"line":73,"column":21}},"39":{"start":{"line":74,"column":6},"end":{"line":74,"column":22}},"40":{"start":{"line":76,"column":6},"end":{"line":76,"column":62}},"41":{"start":{"line":78,"column":6},"end":{"line":78,"column":24}},"42":{"start":{"line":82,"column":34},"end":{"line":114,"column":3}},"43":{"start":{"line":83,"column":4},"end":{"line":83,"column":23}},"44":{"start":{"line":84,"column":4},"end":{"line":87,"column":5}},"45":{"start":{"line":85,"column":6},"end":{"line":85,"column":50}},"46":{"start":{"line":86,"column":6},"end":{"line":86,"column":13}},"47":{"start":{"line":88,"column":4},"end":{"line":88,"column":24}},"48":{"start":{"line":89,"column":4},"end":{"line":113,"column":5}},"49":{"start":{"line":91,"column":6},"end":{"line":91,"column":43}},"50":{"start":{"line":94,"column":6},"end":{"line":100,"column":9}},"51":{"start":{"line":103,"column":6},"end":{"line":105,"column":7}},"52":{"start":{"line":104,"column":8},"end":{"line":104,"column":79}},"53":{"start":{"line":107,"column":6},"end":{"line":107,"column":67}},"54":{"start":{"line":108,"column":6},"end":{"line":108,"column":29}},"55":{"start":{"line":110,"column":6},"end":{"line":110,"column":74}},"56":{"start":{"line":112,"column":6},"end":{"line":112,"column":27}},"57":{"start":{"line":116,"column":26},"end":{"line":126,"column":3}},"58":{"start":{"line":117,"column":4},"end":{"line":117,"column":29}},"59":{"start":{"line":117,"column":22},"end":{"line":117,"column":29}},"60":{"start":{"line":118,"column":4},"end":{"line":125,"column":5}},"61":{"start":{"line":119,"column":6},"end":{"line":119,"column":36}},"62":{"start":{"line":120,"column":6},"end":{"line":120,"column":37}},"63":{"start":{"line":121,"column":6},"end":{"line":121,"column":22}},"64":{"start":{"line":122,"column":6},"end":{"line":122,"column":17}},"65":{"start":{"line":124,"column":6},"end":{"line":124,"column":42}},"66":{"start":{"line":128,"column":2},"end":{"line":364,"column":4}},"67":{"start":{"line":163,"column":16},"end":{"line":177,"column":25}},"68":{"start":{"line":165,"column":33},"end":{"line":165,"column":70}},"69":{"start":{"line":230,"column":22},"end":{"line":230,"column":73}},"70":{"start":{"line":289,"column":31},"end":{"line":289,"column":84}},"71":{"start":{"line":337,"column":31},"end":{"line":337,"column":47}},"72":{"start":{"line":337,"column":48},"end":{"line":337,"column":59}}},"fnMap":{"0":{"name":"(anonymous_0)","decl":{"start":{"line":9,"column":21},"end":{"line":9,"column":22}},"loc":{"start":{"line":9,"column":27},"end":{"line":365,"column":1}},"line":9},"1":{"name":"(anonymous_1)","decl":{"start":{"line":31,"column":12},"end":{"line":31,"column":13}},"loc":{"start":{"line":31,"column":18},"end":{"line":33,"column":3}},"line":31},"2":{"name":"(anonymous_2)","decl":{"start":{"line":36,"column":12},"end":{"line":36,"column":13}},"loc":{"start":{"line":36,"column":18},"end":{"line":41,"column":3}},"line":36},"3":{"name":"(anonymous_3)","decl":{"start":{"line":38,"column":31},"end":{"line":38,"column":32}},"loc":{"start":{"line":38,"column":37},"end":{"line":38,"column":62}},"line":38},"4":{"name":"(anonymous_4)","decl":{"start":{"line":39,"column":13},"end":{"line":39,"column":14}},"loc":{"start":{"line":39,"column":19},"end":{"line":39,"column":38}},"line":39},"5":{"name":"(anonymous_5)","decl":{"start":{"line":43,"column":23},"end":{"line":43,"column":24}},"loc":{"start":{"line":43,"column":30},"end":{"line":45,"column":3}},"line":43},"6":{"name":"(anonymous_6)","decl":{"start":{"line":47,"column":24},"end":{"line":47,"column":25}},"loc":{"start":{"line":47,"column":37},"end":{"line":80,"column":3}},"line":47},"7":{"name":"(anonymous_7)","decl":{"start":{"line":82,"column":34},"end":{"line":82,"column":35}},"loc":{"start":{"line":82,"column":47},"end":{"line":114,"column":3}},"line":82},"8":{"name":"(anonymous_8)","decl":{"start":{"line":116,"column":26},"end":{"line":116,"column":27}},"loc":{"start":{"line":116,"column":38},"end":{"line":126,"column":3}},"line":116},"9":{"name":"(anonymous_9)","decl":{"start":{"line":162,"column":43},"end":{"line":162,"column":44}},"loc":{"start":{"line":163,"column":16},"end":{"line":177,"column":25}},"line":163},"10":{"name":"(anonymous_10)","decl":{"start":{"line":165,"column":27},"end":{"line":165,"column":28}},"loc":{"start":{"line":165,"column":33},"end":{"line":165,"column":70}},"line":165},"11":{"name":"(anonymous_11)","decl":{"start":{"line":229,"column":41},"end":{"line":229,"column":42}},"loc":{"start":{"line":230,"column":22},"end":{"line":230,"column":73}},"line":230},"12":{"name":"(anonymous_12)","decl":{"start":{"line":289,"column":26},"end":{"line":289,"column":27}},"loc":{"start":{"line":289,"column":31},"end":{"line":289,"column":84}},"line":289},"13":{"name":"(anonymous_13)","decl":{"start":{"line":337,"column":23},"end":{"line":337,"column":24}},"loc":{"start":{"line":337,"column":29},"end":{"line":337,"column":61}},"line":337}},"branchMap":{"0":{"loc":{"start":{"line":37,"column":4},"end":{"line":40,"column":5}},"type":"if","locations":[{"start":{"line":37,"column":4},"end":{"line":40,"column":5}},{"start":{},"end":{}}],"line":37},"1":{"loc":{"start":{"line":50,"column":4},"end":{"line":54,"column":5}},"type":"if","locations":[{"start":{"line":50,"column":4},"end":{"line":54,"column":5}},{"start":{},"end":{}}],"line":50},"2":{"loc":{"start":{"line":50,"column":8},"end":{"line":51,"column":49}},"type":"binary-expr","locations":[{"start":{"line":50,"column":8},"end":{"line":50,"column":26}},{"start":{"line":50,"column":30},"end":{"line":50,"column":45}},{"start":{"line":51,"column":8},"end":{"line":51,"column":30}},{"start":{"line":51,"column":34},"end":{"line":51,"column":49}}],"line":50},"3":{"loc":{"start":{"line":55,"column":4},"end":{"line":58,"column":5}},"type":"if","locations":[{"start":{"line":55,"column":4},"end":{"line":58,"column":5}},{"start":{},"end":{}}],"line":55},"4":{"loc":{"start":{"line":60,"column":4},"end":{"line":63,"column":5}},"type":"if","locations":[{"start":{"line":60,"column":4},"end":{"line":63,"column":5}},{"start":{},"end":{}}],"line":60},"5":{"loc":{"start":{"line":64,"column":4},"end":{"line":67,"column":5}},"type":"if","locations":[{"start":{"line":64,"column":4},"end":{"line":67,"column":5}},{"start":{},"end":{}}],"line":64},"6":{"loc":{"start":{"line":64,"column":8},"end":{"line":64,"column":64}},"type":"binary-expr","locations":[{"start":{"line":64,"column":8},"end":{"line":64,"column":36}},{"start":{"line":64,"column":40},"end":{"line":64,"column":64}}],"line":64},"7":{"loc":{"start":{"line":76,"column":18},"end":{"line":76,"column":60}},"type":"binary-expr","locations":[{"start":{"line":76,"column":18},"end":{"line":76,"column":36}},{"start":{"line":76,"column":40},"end":{"line":76,"column":60}}],"line":76},"8":{"loc":{"start":{"line":84,"column":4},"end":{"line":87,"column":5}},"type":"if","locations":[{"start":{"line":84,"column":4},"end":{"line":87,"column":5}},{"start":{},"end":{}}],"line":84},"9":{"loc":{"start":{"line":84,"column":8},"end":{"line":84,"column":32}},"type":"binary-expr","locations":[{"start":{"line":84,"column":8},"end":{"line":84,"column":12}},{"start":{"line":84,"column":16},"end":{"line":84,"column":32}}],"line":84},"10":{"loc":{"start":{"line":103,"column":6},"end":{"line":105,"column":7}},"type":"if","locations":[{"start":{"line":103,"column":6},"end":{"line":105,"column":7}},{"start":{},"end":{}}],"line":103},"11":{"loc":{"start":{"line":110,"column":18},"end":{"line":110,"column":72}},"type":"binary-expr","locations":[{"start":{"line":110,"column":18},"end":{"line":110,"column":36}},{"start":{"line":110,"column":40},"end":{"line":110,"column":72}}],"line":110},"12":{"loc":{"start":{"line":117,"column":4},"end":{"line":117,"column":29}},"type":"if","locations":[{"start":{"line":117,"column":4},"end":{"line":117,"column":29}},{"start":{},"end":{}}],"line":117},"13":{"loc":{"start":{"line":148,"column":13},"end":{"line":148,"column":64}},"type":"cond-expr","locations":[{"start":{"line":148,"column":31},"end":{"line":148,"column":47}},{"start":{"line":148,"column":50},"end":{"line":148,"column":64}}],"line":148},"14":{"loc":{"start":{"line":151,"column":13},"end":{"line":153,"column":65}},"type":"cond-expr","locations":[{"start":{"line":152,"column":16},"end":{"line":152,"column":37}},{"start":{"line":153,"column":16},"end":{"line":153,"column":65}}],"line":151},"15":{"loc":{"start":{"line":158,"column":9},"end":{"line":258,"column":9}},"type":"binary-expr","locations":[{"start":{"line":158,"column":9},"end":{"line":158,"column":24}},{"start":{"line":159,"column":10},"end":{"line":257,"column":13}}],"line":158},"16":{"loc":{"start":{"line":169,"column":33},"end":{"line":169,"column":76}},"type":"cond-expr","locations":[{"start":{"line":169,"column":55},"end":{"line":169,"column":64}},{"start":{"line":169,"column":67},"end":{"line":169,"column":76}}],"line":169},"17":{"loc":{"start":{"line":170,"column":37},"end":{"line":170,"column":78}},"type":"cond-expr","locations":[{"start":{"line":170,"column":59},"end":{"line":170,"column":68}},{"start":{"line":170,"column":71},"end":{"line":170,"column":78}}],"line":170},"18":{"loc":{"start":{"line":171,"column":27},"end":{"line":171,"column":70}},"type":"cond-expr","locations":[{"start":{"line":171,"column":49},"end":{"line":171,"column":58}},{"start":{"line":171,"column":61},"end":{"line":171,"column":70}}],"line":171},"19":{"loc":{"start":{"line":176,"column":19},"end":{"line":176,"column":69}},"type":"cond-expr","locations":[{"start":{"line":176,"column":37},"end":{"line":176,"column":52}},{"start":{"line":176,"column":55},"end":{"line":176,"column":69}}],"line":176},"20":{"loc":{"start":{"line":222,"column":15},"end":{"line":234,"column":15}},"type":"binary-expr","locations":[{"start":{"line":222,"column":15},"end":{"line":222,"column":43}},{"start":{"line":223,"column":16},"end":{"line":233,"column":22}}],"line":222},"21":{"loc":{"start":{"line":254,"column":17},"end":{"line":254,"column":72}},"type":"cond-expr","locations":[{"start":{"line":254,"column":27},"end":{"line":254,"column":43}},{"start":{"line":254,"column":46},"end":{"line":254,"column":72}}],"line":254},"22":{"loc":{"start":{"line":261,"column":9},"end":{"line":348,"column":9}},"type":"binary-expr","locations":[{"start":{"line":261,"column":9},"end":{"line":261,"column":23}},{"start":{"line":262,"column":10},"end":{"line":347,"column":17}}],"line":261},"23":{"loc":{"start":{"line":307,"column":24},"end":{"line":307,"column":54}},"type":"binary-expr","locations":[{"start":{"line":307,"column":24},"end":{"line":307,"column":34}},{"start":{"line":307,"column":38},"end":{"line":307,"column":54}}],"line":307},"24":{"loc":{"start":{"line":309,"column":15},"end":{"line":309,"column":72}},"type":"cond-expr","locations":[{"start":{"line":309,"column":28},"end":{"line":309,"column":42}},{"start":{"line":309,"column":45},"end":{"line":309,"column":72}}],"line":309},"25":{"loc":{"start":{"line":314,"column":15},"end":{"line":331,"column":15}},"type":"cond-expr","locations":[{"start":{"line":315,"column":16},"end":{"line":317,"column":20}},{"start":{"line":319,"column":16},"end":{"line":330,"column":25}}],"line":314}},"s":{"0":1,"1":609,"2":609,"3":609,"4":609,"5":609,"6":609,"7":609,"8":609,"9":609,"10":14,"11":609,"12":20,"13":6,"14":0,"15":6,"16":6,"17":609,"18":551,"19":609,"20":11,"21":11,"22":1,"23":1,"24":10,"25":1,"26":1,"27":9,"28":9,"29":2,"30":2,"31":7,"32":0,"33":0,"34":7,"35":7,"36":7,"37":6,"38":6,"39":6,"40":1,"41":7,"42":609,"43":2,"44":2,"45":0,"46":0,"47":2,"48":2,"49":2,"50":1,"51":1,"52":0,"53":1,"54":1,"55":1,"56":2,"57":609,"58":0,"59":0,"60":0,"61":0,"62":0,"63":0,"64":0,"65":0,"66":609,"67":1174,"68":0,"69":0,"70":12,"71":1,"72":1},"f":{"0":609,"1":14,"2":20,"3":0,"4":6,"5":551,"6":11,"7":2,"8":0,"9":1174,"10":0,"11":0,"12":12,"13":1},"b":{"0":[6,14],"1":[1,10],"2":[11,10,10,10],"3":[1,9],"4":[2,7],"5":[0,7],"6":[7,0],"7":[1,0],"8":[0,2],"9":[2,2],"10":[0,1],"11":[1,1],"12":[0,0],"13":[587,22],"14":[587,22],"15":[609,587],"16":[587,587],"17":[587,587],"18":[587,587],"19":[587,587],"20":[587,0],"21":[7,580],"22":[609,22],"23":[22,20],"24":[2,20],"25":[22,0]},"_coverageSchema":"1a1c01bbd47fc00a2c39e90264f33305004495a9","hash":"ec11734eea98597329163c17f68c2a084254f425"}
,"E:\\capgemini-training\\MediBook-Frontend\\src\\pages\\patient\\PatientAppointments.jsx": {"path":"E:\\capgemini-training\\MediBook-Frontend\\src\\pages\\patient\\PatientAppointments.jsx","statementMap":{"0":{"start":{"line":15,"column":14},"end":{"line":15,"column":81}},"1":{"start":{"line":17,"column":28},"end":{"line":1122,"column":1}},"2":{"start":{"line":18,"column":20},"end":{"line":18,"column":50}},"3":{"start":{"line":19,"column":16},"end":{"line":19,"column":54}},"4":{"start":{"line":22,"column":36},"end":{"line":22,"column":52}},"5":{"start":{"line":25,"column":42},"end":{"line":25,"column":54}},"6":{"start":{"line":26,"column":56},"end":{"line":26,"column":70}},"7":{"start":{"line":27,"column":48},"end":{"line":27,"column":63}},"8":{"start":{"line":28,"column":52},"end":{"line":28,"column":66}},"9":{"start":{"line":29,"column":38},"end":{"line":29,"column":74}},"10":{"start":{"line":30,"column":50},"end":{"line":30,"column":65}},"11":{"start":{"line":31,"column":40},"end":{"line":31,"column":59}},"12":{"start":{"line":34,"column":26},"end":{"line":34,"column":37}},"13":{"start":{"line":35,"column":48},"end":{"line":35,"column":60}},"14":{"start":{"line":36,"column":42},"end":{"line":36,"column":56}},"15":{"start":{"line":37,"column":32},"end":{"line":37,"column":44}},"16":{"start":{"line":38,"column":46},"end":{"line":38,"column":60}},"17":{"start":{"line":39,"column":28},"end":{"line":39,"column":40}},"18":{"start":{"line":40,"column":42},"end":{"line":40,"column":56}},"19":{"start":{"line":41,"column":42},"end":{"line":41,"column":54}},"20":{"start":{"line":42,"column":42},"end":{"line":42,"column":57}},"21":{"start":{"line":43,"column":46},"end":{"line":43,"column":61}},"22":{"start":{"line":44,"column":36},"end":{"line":44,"column":50}},"23":{"start":{"line":47,"column":26},"end":{"line":52,"column":4}},"24":{"start":{"line":54,"column":2},"end":{"line":57,"column":9}},"25":{"start":{"line":55,"column":4},"end":{"line":55,"column":24}},"26":{"start":{"line":56,"column":4},"end":{"line":56,"column":27}},"27":{"start":{"line":59,"column":23},"end":{"line":72,"column":3}},"28":{"start":{"line":60,"column":22},"end":{"line":60,"column":72}},"29":{"start":{"line":60,"column":47},"end":{"line":60,"column":71}},"30":{"start":{"line":61,"column":19},"end":{"line":70,"column":5}},"31":{"start":{"line":63,"column":8},"end":{"line":68,"column":9}},"32":{"start":{"line":64,"column":25},"end":{"line":64,"column":65}},"33":{"start":{"line":65,"column":10},"end":{"line":65,"column":49}},"34":{"start":{"line":67,"column":10},"end":{"line":67,"column":22}},"35":{"start":{"line":71,"column":4},"end":{"line":71,"column":52}},"36":{"start":{"line":74,"column":28},"end":{"line":85,"column":3}},"37":{"start":{"line":75,"column":4},"end":{"line":75,"column":33}},"38":{"start":{"line":76,"column":4},"end":{"line":84,"column":5}},"39":{"start":{"line":77,"column":19},"end":{"line":77,"column":60}},"40":{"start":{"line":78,"column":6},"end":{"line":78,"column":28}},"41":{"start":{"line":79,"column":6},"end":{"line":79,"column":31}},"42":{"start":{"line":81,"column":6},"end":{"line":81,"column":49}},"43":{"start":{"line":83,"column":6},"end":{"line":83,"column":36}},"44":{"start":{"line":87,"column":31},"end":{"line":94,"column":3}},"45":{"start":{"line":88,"column":4},"end":{"line":93,"column":5}},"46":{"start":{"line":89,"column":19},"end":{"line":89,"column":45}},"47":{"start":{"line":90,"column":6},"end":{"line":90,"column":31}},"48":{"start":{"line":92,"column":6},"end":{"line":92,"column":52}},"49":{"start":{"line":96,"column":27},"end":{"line":110,"column":3}},"50":{"start":{"line":97,"column":4},"end":{"line":97,"column":26}},"51":{"start":{"line":98,"column":4},"end":{"line":109,"column":5}},"52":{"start":{"line":99,"column":18},"end":{"line":99,"column":41}},"53":{"start":{"line":100,"column":23},"end":{"line":104,"column":7}},"54":{"start":{"line":101,"column":13},"end":{"line":103,"column":72}},"55":{"start":{"line":105,"column":6},"end":{"line":105,"column":27}},"56":{"start":{"line":106,"column":6},"end":{"line":106,"column":17}},"57":{"start":{"line":108,"column":6},"end":{"line":108,"column":44}},"58":{"start":{"line":112,"column":29},"end":{"line":120,"column":3}},"59":{"start":{"line":113,"column":4},"end":{"line":113,"column":30}},"60":{"start":{"line":114,"column":4},"end":{"line":114,"column":17}},"61":{"start":{"line":115,"column":4},"end":{"line":115,"column":26}},"62":{"start":{"line":116,"column":4},"end":{"line":116,"column":24}},"63":{"start":{"line":117,"column":4},"end":{"line":117,"column":15}},"64":{"start":{"line":119,"column":4},"end":{"line":119,"column":37}},"65":{"start":{"line":122,"column":24},"end":{"line":136,"column":3}},"66":{"start":{"line":123,"column":4},"end":{"line":123,"column":26}},"67":{"start":{"line":124,"column":4},"end":{"line":135,"column":5}},"68":{"start":{"line":125,"column":19},"end":{"line":125,"column":55}},"69":{"start":{"line":126,"column":24},"end":{"line":128,"column":95}},"70":{"start":{"line":127,"column":21},"end":{"line":127,"column":64}},"71":{"start":{"line":128,"column":24},"end":{"line":128,"column":94}},"72":{"start":{"line":129,"column":6},"end":{"line":129,"column":26}},"73":{"start":{"line":130,"column":6},"end":{"line":130,"column":92}},"74":{"start":{"line":130,"column":34},"end":{"line":130,"column":92}},"75":{"start":{"line":132,"column":6},"end":{"line":132,"column":42}},"76":{"start":{"line":134,"column":6},"end":{"line":134,"column":29}},"77":{"start":{"line":138,"column":27},"end":{"line":150,"column":3}},"78":{"start":{"line":139,"column":4},"end":{"line":139,"column":30}},"79":{"start":{"line":139,"column":23},"end":{"line":139,"column":30}},"80":{"start":{"line":140,"column":4},"end":{"line":140,"column":26}},"81":{"start":{"line":141,"column":4},"end":{"line":149,"column":5}},"82":{"start":{"line":142,"column":19},"end":{"line":142,"column":83}},"83":{"start":{"line":143,"column":6},"end":{"line":143,"column":21}},"84":{"start":{"line":144,"column":6},"end":{"line":144,"column":65}},"85":{"start":{"line":144,"column":29},"end":{"line":144,"column":65}},"86":{"start":{"line":146,"column":6},"end":{"line":146,"column":42}},"87":{"start":{"line":148,"column":6},"end":{"line":148,"column":29}},"88":{"start":{"line":152,"column":29},"end":{"line":176,"column":3}},"89":{"start":{"line":153,"column":4},"end":{"line":156,"column":5}},"90":{"start":{"line":154,"column":6},"end":{"line":154,"column":44}},"91":{"start":{"line":155,"column":6},"end":{"line":155,"column":13}},"92":{"start":{"line":157,"column":4},"end":{"line":157,"column":30}},"93":{"start":{"line":158,"column":4},"end":{"line":175,"column":5}},"94":{"start":{"line":159,"column":6},"end":{"line":167,"column":9}},"95":{"start":{"line":168,"column":6},"end":{"line":168,"column":54}},"96":{"start":{"line":169,"column":6},"end":{"line":169,"column":32}},"97":{"start":{"line":170,"column":6},"end":{"line":170,"column":82}},"98":{"start":{"line":170,"column":29},"end":{"line":170,"column":80}},"99":{"start":{"line":172,"column":6},"end":{"line":172,"column":67}},"100":{"start":{"line":174,"column":6},"end":{"line":174,"column":33}},"101":{"start":{"line":178,"column":34},"end":{"line":194,"column":3}},"102":{"start":{"line":179,"column":4},"end":{"line":179,"column":60}},"103":{"start":{"line":179,"column":53},"end":{"line":179,"column":60}},"104":{"start":{"line":180,"column":4},"end":{"line":193,"column":5}},"105":{"start":{"line":181,"column":6},"end":{"line":181,"column":45}},"106":{"start":{"line":182,"column":6},"end":{"line":188,"column":9}},"107":{"start":{"line":189,"column":6},"end":{"line":189,"column":45}},"108":{"start":{"line":190,"column":6},"end":{"line":190,"column":26}},"109":{"start":{"line":192,"column":6},"end":{"line":192,"column":38}},"110":{"start":{"line":196,"column":24},"end":{"line":332,"column":3}},"111":{"start":{"line":197,"column":4},"end":{"line":200,"column":5}},"112":{"start":{"line":198,"column":6},"end":{"line":198,"column":53}},"113":{"start":{"line":199,"column":6},"end":{"line":199,"column":13}},"114":{"start":{"line":201,"column":4},"end":{"line":201,"column":28}},"115":{"start":{"line":202,"column":4},"end":{"line":331,"column":5}},"116":{"start":{"line":204,"column":6},"end":{"line":204,"column":42}},"117":{"start":{"line":207,"column":26},"end":{"line":218,"column":8}},"118":{"start":{"line":220,"column":18},"end":{"line":220,"column":53}},"119":{"start":{"line":223,"column":6},"end":{"line":252,"column":7}},"120":{"start":{"line":224,"column":8},"end":{"line":231,"column":11}},"121":{"start":{"line":232,"column":8},"end":{"line":239,"column":11}},"122":{"start":{"line":240,"column":8},"end":{"line":245,"column":11}},"123":{"start":{"line":246,"column":8},"end":{"line":246,"column":34}},"124":{"start":{"line":247,"column":8},"end":{"line":247,"column":19}},"125":{"start":{"line":248,"column":8},"end":{"line":248,"column":28}},"126":{"start":{"line":249,"column":8},"end":{"line":249,"column":48}},"127":{"start":{"line":250,"column":8},"end":{"line":250,"column":33}},"128":{"start":{"line":251,"column":8},"end":{"line":251,"column":15}},"129":{"start":{"line":255,"column":20},"end":{"line":255,"column":77}},"130":{"start":{"line":258,"column":22},"end":{"line":317,"column":7}},"131":{"start":{"line":270,"column":10},"end":{"line":308,"column":11}},"132":{"start":{"line":272,"column":12},"end":{"line":276,"column":15}},"133":{"start":{"line":279,"column":12},"end":{"line":287,"column":15}},"134":{"start":{"line":288,"column":12},"end":{"line":295,"column":15}},"135":{"start":{"line":296,"column":12},"end":{"line":301,"column":15}},"136":{"start":{"line":302,"column":12},"end":{"line":302,"column":38}},"137":{"start":{"line":303,"column":12},"end":{"line":303,"column":23}},"138":{"start":{"line":304,"column":12},"end":{"line":304,"column":32}},"139":{"start":{"line":305,"column":12},"end":{"line":305,"column":74}},"140":{"start":{"line":307,"column":12},"end":{"line":307,"column":55}},"141":{"start":{"line":309,"column":10},"end":{"line":309,"column":35}},"142":{"start":{"line":313,"column":12},"end":{"line":313,"column":45}},"143":{"start":{"line":314,"column":12},"end":{"line":314,"column":37}},"144":{"start":{"line":320,"column":21},"end":{"line":320,"column":53}},"145":{"start":{"line":321,"column":6},"end":{"line":321,"column":66}},"146":{"start":{"line":322,"column":6},"end":{"line":325,"column":8}},"147":{"start":{"line":323,"column":20},"end":{"line":323,"column":48}},"148":{"start":{"line":324,"column":8},"end":{"line":324,"column":19}},"149":{"start":{"line":326,"column":6},"end":{"line":326,"column":40}},"150":{"start":{"line":329,"column":6},"end":{"line":329,"column":58}},"151":{"start":{"line":330,"column":6},"end":{"line":330,"column":31}},"152":{"start":{"line":334,"column":23},"end":{"line":343,"column":3}},"153":{"start":{"line":335,"column":4},"end":{"line":335,"column":15}},"154":{"start":{"line":336,"column":4},"end":{"line":336,"column":26}},"155":{"start":{"line":337,"column":4},"end":{"line":337,"column":28}},"156":{"start":{"line":338,"column":4},"end":{"line":338,"column":17}},"157":{"start":{"line":339,"column":4},"end":{"line":339,"column":26}},"158":{"start":{"line":340,"column":4},"end":{"line":340,"column":24}},"159":{"start":{"line":341,"column":4},"end":{"line":341,"column":23}},"160":{"start":{"line":342,"column":4},"end":{"line":342,"column":98}},"161":{"start":{"line":345,"column":25},"end":{"line":348,"column":3}},"162":{"start":{"line":346,"column":16},"end":{"line":346,"column":124}},"163":{"start":{"line":347,"column":4},"end":{"line":347,"column":39}},"164":{"start":{"line":351,"column":22},"end":{"line":355,"column":8}},"165":{"start":{"line":352,"column":4},"end":{"line":352,"column":45}},"166":{"start":{"line":352,"column":25},"end":{"line":352,"column":45}},"167":{"start":{"line":353,"column":4},"end":{"line":353,"column":30}},"168":{"start":{"line":354,"column":4},"end":{"line":354,"column":15}},"169":{"start":{"line":357,"column":21},"end":{"line":361,"column":3}},"170":{"start":{"line":358,"column":4},"end":{"line":360,"column":7}},"171":{"start":{"line":363,"column":2},"end":{"line":1121,"column":4}},"172":{"start":{"line":372,"column":10},"end":{"line":380,"column":19}},"173":{"start":{"line":372,"column":45},"end":{"line":372,"column":63}},"174":{"start":{"line":372,"column":64},"end":{"line":372,"column":99}},"175":{"start":{"line":372,"column":84},"end":{"line":372,"column":99}},"176":{"start":{"line":394,"column":31},"end":{"line":394,"column":51}},"177":{"start":{"line":410,"column":20},"end":{"line":453,"column":25}},"178":{"start":{"line":423,"column":45},"end":{"line":423,"column":88}},"179":{"start":{"line":442,"column":34},"end":{"line":442,"column":61}},"180":{"start":{"line":443,"column":34},"end":{"line":443,"column":76}},"181":{"start":{"line":444,"column":34},"end":{"line":444,"column":59}},"182":{"start":{"line":470,"column":16},"end":{"line":494,"column":22}},"183":{"start":{"line":517,"column":18},"end":{"line":539,"column":24}},"184":{"start":{"line":519,"column":35},"end":{"line":519,"column":57}},"185":{"start":{"line":527,"column":22},"end":{"line":527,"column":68}},"186":{"start":{"line":528,"column":22},"end":{"line":528,"column":72}},"187":{"start":{"line":531,"column":22},"end":{"line":531,"column":68}},"188":{"start":{"line":532,"column":22},"end":{"line":532,"column":70}},"189":{"start":{"line":551,"column":35},"end":{"line":551,"column":46}},"190":{"start":{"line":551,"column":47},"end":{"line":551,"column":69}},"191":{"start":{"line":551,"column":70},"end":{"line":551,"column":85}},"192":{"start":{"line":577,"column":18},"end":{"line":642,"column":24}},"193":{"start":{"line":585,"column":35},"end":{"line":585,"column":61}},"194":{"start":{"line":587,"column":22},"end":{"line":587,"column":68}},"195":{"start":{"line":588,"column":22},"end":{"line":588,"column":72}},"196":{"start":{"line":591,"column":22},"end":{"line":591,"column":68}},"197":{"start":{"line":592,"column":22},"end":{"line":592,"column":70}},"198":{"start":{"line":654,"column":35},"end":{"line":654,"column":46}},"199":{"start":{"line":654,"column":47},"end":{"line":654,"column":71}},"200":{"start":{"line":654,"column":72},"end":{"line":654,"column":85}},"201":{"start":{"line":695,"column":35},"end":{"line":695,"column":66}},"202":{"start":{"line":710,"column":37},"end":{"line":710,"column":57}},"203":{"start":{"line":710,"column":58},"end":{"line":710,"column":99}},"204":{"start":{"line":734,"column":16},"end":{"line":765,"column":22}},"205":{"start":{"line":745,"column":41},"end":{"line":745,"column":77}},"206":{"start":{"line":746,"column":22},"end":{"line":762,"column":24}},"207":{"start":{"line":749,"column":41},"end":{"line":749,"column":62}},"208":{"start":{"line":780,"column":35},"end":{"line":780,"column":45}},"209":{"start":{"line":794,"column":33},"end":{"line":794,"column":43}},"210":{"start":{"line":853,"column":33},"end":{"line":853,"column":82}},"211":{"start":{"line":861,"column":33},"end":{"line":861,"column":89}},"212":{"start":{"line":874,"column":33},"end":{"line":874,"column":76}},"213":{"start":{"line":887,"column":33},"end":{"line":887,"column":82}},"214":{"start":{"line":997,"column":37},"end":{"line":997,"column":58}},"215":{"start":{"line":997,"column":59},"end":{"line":997,"column":74}},"216":{"start":{"line":1004,"column":37},"end":{"line":1004,"column":52}},"217":{"start":{"line":1040,"column":31},"end":{"line":1040,"column":56}},"218":{"start":{"line":1059,"column":18},"end":{"line":1070,"column":27}},"219":{"start":{"line":1061,"column":35},"end":{"line":1061,"column":81}},"220":{"start":{"line":1087,"column":31},"end":{"line":1087,"column":88}},"221":{"start":{"line":1111,"column":31},"end":{"line":1111,"column":56}}},"fnMap":{"0":{"name":"(anonymous_0)","decl":{"start":{"line":17,"column":28},"end":{"line":17,"column":29}},"loc":{"start":{"line":17,"column":34},"end":{"line":1122,"column":1}},"line":17},"1":{"name":"(anonymous_1)","decl":{"start":{"line":54,"column":12},"end":{"line":54,"column":13}},"loc":{"start":{"line":54,"column":18},"end":{"line":57,"column":3}},"line":54},"2":{"name":"(anonymous_2)","decl":{"start":{"line":59,"column":23},"end":{"line":59,"column":24}},"loc":{"start":{"line":59,"column":47},"end":{"line":72,"column":3}},"line":59},"3":{"name":"(anonymous_3)","decl":{"start":{"line":60,"column":42},"end":{"line":60,"column":43}},"loc":{"start":{"line":60,"column":47},"end":{"line":60,"column":71}},"line":60},"4":{"name":"(anonymous_4)","decl":{"start":{"line":62,"column":20},"end":{"line":62,"column":21}},"loc":{"start":{"line":62,"column":33},"end":{"line":69,"column":7}},"line":62},"5":{"name":"(anonymous_5)","decl":{"start":{"line":74,"column":28},"end":{"line":74,"column":29}},"loc":{"start":{"line":74,"column":40},"end":{"line":85,"column":3}},"line":74},"6":{"name":"(anonymous_6)","decl":{"start":{"line":87,"column":31},"end":{"line":87,"column":32}},"loc":{"start":{"line":87,"column":43},"end":{"line":94,"column":3}},"line":87},"7":{"name":"(anonymous_7)","decl":{"start":{"line":96,"column":27},"end":{"line":96,"column":28}},"loc":{"start":{"line":96,"column":43},"end":{"line":110,"column":3}},"line":96},"8":{"name":"(anonymous_8)","decl":{"start":{"line":101,"column":8},"end":{"line":101,"column":9}},"loc":{"start":{"line":101,"column":13},"end":{"line":103,"column":72}},"line":101},"9":{"name":"(anonymous_9)","decl":{"start":{"line":112,"column":29},"end":{"line":112,"column":30}},"loc":{"start":{"line":112,"column":47},"end":{"line":120,"column":3}},"line":112},"10":{"name":"(anonymous_10)","decl":{"start":{"line":122,"column":24},"end":{"line":122,"column":25}},"loc":{"start":{"line":122,"column":46},"end":{"line":136,"column":3}},"line":122},"11":{"name":"(anonymous_11)","decl":{"start":{"line":127,"column":16},"end":{"line":127,"column":17}},"loc":{"start":{"line":127,"column":21},"end":{"line":127,"column":64}},"line":127},"12":{"name":"(anonymous_12)","decl":{"start":{"line":128,"column":14},"end":{"line":128,"column":15}},"loc":{"start":{"line":128,"column":24},"end":{"line":128,"column":94}},"line":128},"13":{"name":"(anonymous_13)","decl":{"start":{"line":138,"column":27},"end":{"line":138,"column":28}},"loc":{"start":{"line":138,"column":39},"end":{"line":150,"column":3}},"line":138},"14":{"name":"(anonymous_14)","decl":{"start":{"line":152,"column":29},"end":{"line":152,"column":30}},"loc":{"start":{"line":152,"column":41},"end":{"line":176,"column":3}},"line":152},"15":{"name":"(anonymous_15)","decl":{"start":{"line":170,"column":21},"end":{"line":170,"column":22}},"loc":{"start":{"line":170,"column":29},"end":{"line":170,"column":80}},"line":170},"16":{"name":"(anonymous_16)","decl":{"start":{"line":178,"column":34},"end":{"line":178,"column":35}},"loc":{"start":{"line":178,"column":59},"end":{"line":194,"column":3}},"line":178},"17":{"name":"(anonymous_17)","decl":{"start":{"line":196,"column":24},"end":{"line":196,"column":25}},"loc":{"start":{"line":196,"column":36},"end":{"line":332,"column":3}},"line":196},"18":{"name":"(anonymous_18)","decl":{"start":{"line":269,"column":17},"end":{"line":269,"column":18}},"loc":{"start":{"line":269,"column":37},"end":{"line":310,"column":9}},"line":269},"19":{"name":"(anonymous_19)","decl":{"start":{"line":312,"column":21},"end":{"line":312,"column":22}},"loc":{"start":{"line":312,"column":27},"end":{"line":315,"column":11}},"line":312},"20":{"name":"(anonymous_20)","decl":{"start":{"line":322,"column":22},"end":{"line":322,"column":23}},"loc":{"start":{"line":322,"column":28},"end":{"line":325,"column":7}},"line":322},"21":{"name":"(anonymous_21)","decl":{"start":{"line":334,"column":23},"end":{"line":334,"column":24}},"loc":{"start":{"line":334,"column":29},"end":{"line":343,"column":3}},"line":334},"22":{"name":"(anonymous_22)","decl":{"start":{"line":345,"column":25},"end":{"line":345,"column":26}},"loc":{"start":{"line":345,"column":37},"end":{"line":348,"column":3}},"line":345},"23":{"name":"(anonymous_23)","decl":{"start":{"line":351,"column":35},"end":{"line":351,"column":36}},"loc":{"start":{"line":351,"column":50},"end":{"line":355,"column":3}},"line":351},"24":{"name":"(anonymous_24)","decl":{"start":{"line":357,"column":21},"end":{"line":357,"column":22}},"loc":{"start":{"line":357,"column":34},"end":{"line":361,"column":3}},"line":357},"25":{"name":"(anonymous_25)","decl":{"start":{"line":371,"column":30},"end":{"line":371,"column":31}},"loc":{"start":{"line":372,"column":10},"end":{"line":380,"column":19}},"line":372},"26":{"name":"(anonymous_26)","decl":{"start":{"line":372,"column":37},"end":{"line":372,"column":38}},"loc":{"start":{"line":372,"column":43},"end":{"line":372,"column":101}},"line":372},"27":{"name":"(anonymous_27)","decl":{"start":{"line":394,"column":25},"end":{"line":394,"column":26}},"loc":{"start":{"line":394,"column":31},"end":{"line":394,"column":51}},"line":394},"28":{"name":"(anonymous_28)","decl":{"start":{"line":409,"column":36},"end":{"line":409,"column":37}},"loc":{"start":{"line":410,"column":20},"end":{"line":453,"column":25}},"line":410},"29":{"name":"(anonymous_29)","decl":{"start":{"line":423,"column":39},"end":{"line":423,"column":40}},"loc":{"start":{"line":423,"column":45},"end":{"line":423,"column":88}},"line":423},"30":{"name":"(anonymous_30)","decl":{"start":{"line":441,"column":41},"end":{"line":441,"column":42}},"loc":{"start":{"line":441,"column":47},"end":{"line":445,"column":33}},"line":441},"31":{"name":"(anonymous_31)","decl":{"start":{"line":469,"column":25},"end":{"line":469,"column":26}},"loc":{"start":{"line":470,"column":16},"end":{"line":494,"column":22}},"line":470},"32":{"name":"(anonymous_32)","decl":{"start":{"line":516,"column":37},"end":{"line":516,"column":38}},"loc":{"start":{"line":517,"column":18},"end":{"line":539,"column":24}},"line":517},"33":{"name":"(anonymous_33)","decl":{"start":{"line":519,"column":29},"end":{"line":519,"column":30}},"loc":{"start":{"line":519,"column":35},"end":{"line":519,"column":57}},"line":519},"34":{"name":"(anonymous_34)","decl":{"start":{"line":526,"column":34},"end":{"line":526,"column":35}},"loc":{"start":{"line":526,"column":39},"end":{"line":529,"column":21}},"line":526},"35":{"name":"(anonymous_35)","decl":{"start":{"line":530,"column":34},"end":{"line":530,"column":35}},"loc":{"start":{"line":530,"column":39},"end":{"line":533,"column":21}},"line":530},"36":{"name":"(anonymous_36)","decl":{"start":{"line":551,"column":27},"end":{"line":551,"column":28}},"loc":{"start":{"line":551,"column":33},"end":{"line":551,"column":87}},"line":551},"37":{"name":"(anonymous_37)","decl":{"start":{"line":576,"column":29},"end":{"line":576,"column":30}},"loc":{"start":{"line":577,"column":18},"end":{"line":642,"column":24}},"line":577},"38":{"name":"(anonymous_38)","decl":{"start":{"line":585,"column":29},"end":{"line":585,"column":30}},"loc":{"start":{"line":585,"column":35},"end":{"line":585,"column":61}},"line":585},"39":{"name":"(anony
[...]
:{"line":723,"column":15},"end":{"line":723,"column":28}},{"start":{"line":723,"column":32},"end":{"line":723,"column":50}},{"start":{"line":724,"column":16},"end":{"line":729,"column":22}}],"line":723},"53":{"loc":{"start":{"line":733,"column":15},"end":{"line":766,"column":16}},"type":"binary-expr","locations":[{"start":{"line":733,"column":15},"end":{"line":733,"column":28}},{"start":{"line":733,"column":32},"end":{"line":766,"column":16}}],"line":733},"54":{"loc":{"start":{"line":753,"column":41},"end":{"line":753,"column":75}},"type":"cond-expr","locations":[{"start":{"line":753,"column":54},"end":{"line":753,"column":63}},{"start":{"line":753,"column":66},"end":{"line":753,"column":75}}],"line":753},"55":{"loc":{"start":{"line":754,"column":45},"end":{"line":754,"column":77}},"type":"cond-expr","locations":[{"start":{"line":754,"column":58},"end":{"line":754,"column":67}},{"start":{"line":754,"column":70},"end":{"line":754,"column":77}}],"line":754},"56":{"loc":{"start":{"line":755,"column":35},"end":{"line":755,"column":67}},"type":"cond-expr","locations":[{"start":{"line":755,"column":48},"end":{"line":755,"column":55}},{"start":{"line":755,"column":58},"end":{"line":755,"column":67}}],"line":755},"57":{"loc":{"start":{"line":768,"column":15},"end":{"line":784,"column":15}},"type":"binary-expr","locations":[{"start":{"line":768,"column":15},"end":{"line":768,"column":27}},{"start":{"line":769,"column":16},"end":{"line":783,"column":22}}],"line":768},"58":{"loc":{"start":{"line":789,"column":11},"end":{"line":905,"column":11}},"type":"binary-expr","locations":[{"start":{"line":789,"column":11},"end":{"line":789,"column":21}},{"start":{"line":790,"column":12},"end":{"line":904,"column":18}}],"line":789},"59":{"loc":{"start":{"line":814,"column":27},"end":{"line":814,"column":89}},"type":"binary-expr","locations":[{"start":{"line":814,"column":27},"end":{"line":814,"column":53}},{"start":{"line":814,"column":57},"end":{"line":814,"column":89}}],"line":814},"60":{"loc":{"start":{"line":840,"column":24},"end":{"line":840,"column":60}},"type":"binary-expr","locations":[{"start":{"line":840,"column":24},"end":{"line":840,"column":55}},{"start":{"line":840,"column":59},"end":{"line":840,"column":60}}],"line":840},"61":{"loc":{"start":{"line":902,"column":17},"end":{"line":902,"column":118}},"type":"cond-expr","locations":[{"start":{"line":902,"column":34},"end":{"line":902,"column":49}},{"start":{"line":902,"column":52},"end":{"line":902,"column":118}}],"line":902},"62":{"loc":{"start":{"line":902,"column":80},"end":{"line":902,"column":116}},"type":"binary-expr","locations":[{"start":{"line":902,"column":80},"end":{"line":902,"column":111}},{"start":{"line":902,"column":115},"end":{"line":902,"column":116}}],"line":902},"63":{"loc":{"start":{"line":908,"column":11},"end":{"line":1011,"column":11}},"type":"binary-expr","locations":[{"start":{"line":908,"column":11},"end":{"line":908,"column":21}},{"start":{"line":908,"column":25},"end":{"line":908,"column":34}},{"start":{"line":909,"column":12},"end":{"line":1010,"column":18}}],"line":908},"64":{"loc":{"start":{"line":941,"column":23},"end":{"line":953,"column":23}},"type":"cond-expr","locations":[{"start":{"line":942,"column":24},"end":{"line":946,"column":26}},{"start":{"line":948,"column":24},"end":{"line":952,"column":30}}],"line":941},"65":{"loc":{"start":{"line":957,"column":29},"end":{"line":957,"column":100}},"type":"binary-expr","locations":[{"start":{"line":957,"column":29},"end":{"line":957,"column":55}},{"start":{"line":957,"column":59},"end":{"line":957,"column":100}}],"line":957},"66":{"loc":{"start":{"line":986,"column":26},"end":{"line":986,"column":62}},"type":"binary-expr","locations":[{"start":{"line":986,"column":26},"end":{"line":986,"column":57}},{"start":{"line":986,"column":61},"end":{"line":986,"column":62}}],"line":986},"67":{"loc":{"start":{"line":1015,"column":7},"end":{"line":1119,"column":7}},"type":"binary-expr","locations":[{"start":{"line":1015,"column":7},"end":{"line":1015,"column":22}},{"start":{"line":1015,"column":26},"end":{"line":1015,"column":43}},{"start":{"line":1016,"column":8},"end":{"line":1118,"column":14}}],"line":1015},"68":{"loc":{"start":{"line":1065,"column":29},"end":{"line":1065,"column":78}},"type":"cond-expr","locations":[{"start":{"line":1065,"column":57},"end":{"line":1065,"column":66}},{"start":{"line":1065,"column":69},"end":{"line":1065,"column":78}}],"line":1065},"69":{"loc":{"start":{"line":1103,"column":17},"end":{"line":1103,"column":71}},"type":"cond-expr","locations":[{"start":{"line":1103,"column":36},"end":{"line":1103,"column":51}},{"start":{"line":1103,"column":54},"end":{"line":1103,"column":71}}],"line":1103}},"s":{"0":1,"1":1,"2":202,"3":202,"4":202,"5":202,"6":202,"7":202,"8":202,"9":202,"10":202,"11":202,"12":202,"13":202,"14":202,"15":202,"16":202,"17":202,"18":202,"19":202,"20":202,"21":202,"22":202,"23":202,"24":202,"25":17,"26":17,"27":202,"28":19,"29":1,"30":19,"31":0,"32":0,"33":0,"34":0,"35":19,"36":202,"37":19,"38":19,"39":19,"40":19,"41":19,"42":0,"43":19,"44":202,"45":17,"46":17,"47":17,"48":0,"49":202,"50":14,"51":14,"52":14,"53":14,"54":42,"55":14,"56":14,"57":0,"58":202,"59":10,"60":10,"61":10,"62":10,"63":10,"64":10,"65":202,"66":10,"67":10,"68":10,"69":10,"70":30,"71":10,"72":10,"73":10,"74":0,"75":0,"76":10,"77":202,"78":0,"79":0,"80":0,"81":0,"82":0,"83":0,"84":0,"85":0,"86":0,"87":0,"88":202,"89":0,"90":0,"91":0,"92":0,"93":0,"94":0,"95":0,"96":0,"97":0,"98":0,"99":0,"100":0,"101":202,"102":0,"103":0,"104":0,"105":0,"106":0,"107":0,"108":0,"109":0,"110":202,"111":5,"112":1,"113":1,"114":4,"115":4,"116":4,"117":3,"118":2,"119":2,"120":1,"121":1,"122":1,"123":1,"124":1,"125":1,"126":1,"127":1,"128":1,"129":1,"130":1,"131":1,"132":1,"133":1,"134":1,"135":1,"136":1,"137":1,"138":1,"139":1,"140":0,"141":1,"142":0,"143":0,"144":1,"145":1,"146":1,"147":1,"148":1,"149":1,"150":2,"151":2,"152":202,"153":15,"154":15,"155":15,"156":15,"157":15,"158":15,"159":15,"160":15,"161":202,"162":1,"163":1,"164":202,"165":230,"166":115,"167":230,"168":230,"169":202,"170":122,"171":202,"172":404,"173":15,"174":15,"175":15,"176":0,"177":1,"178":0,"179":0,"180":0,"181":0,"182":660,"183":87,"184":14,"185":14,"186":14,"187":0,"188":0,"189":0,"190":0,"191":0,"192":28,"193":10,"194":10,"195":10,"196":0,"197":0,"198":0,"199":0,"200":0,"201":0,"202":0,"203":0,"204":17,"205":34,"206":34,"207":7,"208":6,"209":0,"210":80,"211":0,"212":0,"213":3,"214":0,"215":0,"216":0,"217":0,"218":0,"219":0,"220":0,"221":0},"f":{"0":202,"1":17,"2":19,"3":1,"4":0,"5":19,"6":17,"7":14,"8":42,"9":10,"10":10,"11":30,"12":10,"13":0,"14":0,"15":0,"16":0,"17":5,"18":1,"19":0,"20":1,"21":15,"22":1,"23":230,"24":122,"25":404,"26":15,"27":0,"28":1,"29":0,"30":0,"31":660,"32":87,"33":14,"34":14,"35":0,"36":0,"37":28,"38":10,"39":10,"40":0,"41":0,"42":0,"43":0,"44":17,"45":34,"46":7,"47":6,"48":0,"49":80,"50":0,"51":0,"52":3,"53":0,"54":0,"55":0,"56":0,"57":0,"58":0,"59":0},"b":{"0":[0,0],"1":[42,28,28],"2":[30,20],"3":[10,10],"4":[0,10],"5":[0,0],"6":[0,0],"7":[0,0],"8":[0,0],"9":[0,0],"10":[1,4],"11":[2,0],"12":[1,1],"13":[1,0],"14":[2,0],"15":[1,0],"16":[115,115],"17":[15,0],"18":[202,202],"19":[202,202],"20":[202,202],"21":[202,34],"22":[34,17],"23":[34,17,16],"24":[34,17,1],"25":[1,1],"26":[1,0],"27":[0,0],"28":[202,168],"29":[168,165],"30":[518,142],"31":[518,142],"32":[518,142],"33":[165,495],"34":[660,495],"35":[353,142],"36":[168,29],"37":[29,0],"38":[168,14],"39":[14,0],"40":[0,28],"41":[28,0],"42":[28,28],"43":[28,28],"44":[28,28],"45":[28,0],"46":[28,0],"47":[168,27],"48":[27,0],"49":[27,0],"50":[27,0],"51":[27,10],"52":[27,17,0],"53":[27,17],"54":[7,27],"55":[7,27],"56":[7,27],"57":[27,7],"58":[168,95],"59":[95,0],"60":[95,0],"61":[4,91],"62":[91,0],"63":[168,3,3],"64":[0,3],"65":[3,0],"66":[3,0],"67":[202,0,0],"68":[0,0],"69":[0,0]},"_coverageSchema":"1a1c01bbd47fc00a2c39e90264f33305004495a9","hash":"3b47719d417a0dbcc06206ad2f629715b5965e93"}
,"E:\\capgemini-training\\MediBook-Frontend\\src\\utils\\constants.js": {"path":"E:\\capgemini-training\\MediBook-Frontend\\src\\utils\\constants.js","statementMap":{"0":{"start":{"line":1,"column":28},"end":{"line":1,"column":55}},"1":{"start":{"line":3,"column":21},"end":{"line":7,"column":1}},"2":{"start":{"line":9,"column":22},"end":{"line":23,"column":1}},"3":{"start":{"line":25,"column":31},"end":{"line":41,"column":1}}},"fnMap":{},"branchMap":{},"s":{"0":12,"1":12,"2":12,"3":12},"f":{},"b":{},"_coverageSchema":"1a1c01bbd47fc00a2c39e90264f33305004495a9","hash":"a201d5e50abc31562aa09c2422b16e814c487ec6"}
,"E:\\capgemini-training\\MediBook-Frontend\\src\\utils\\passwordUtils.js": {"path":"E:\\capgemini-training\\MediBook-Frontend\\src\\utils\\passwordUtils.js","statementMap":{"0":{"start":{"line":1,"column":32},"end":{"line":24,"column":1}},"1":{"start":{"line":2,"column":17},"end":{"line":2,"column":19}},"2":{"start":{"line":4,"column":2},"end":{"line":6,"column":3}},"3":{"start":{"line":5,"column":4},"end":{"line":5,"column":41}},"4":{"start":{"line":7,"column":2},"end":{"line":9,"column":3}},"5":{"start":{"line":8,"column":4},"end":{"line":8,"column":55}},"6":{"start":{"line":10,"column":2},"end":{"line":12,"column":3}},"7":{"start":{"line":11,"column":4},"end":{"line":11,"column":55}},"8":{"start":{"line":13,"column":2},"end":{"line":15,"column":3}},"9":{"start":{"line":14,"column":4},"end":{"line":14,"column":45}},"10":{"start":{"line":16,"column":2},"end":{"line":18,"column":3}},"11":{"start":{"line":17,"column":4},"end":{"line":17,"column":50}},"12":{"start":{"line":20,"column":2},"end":{"line":23,"column":4}},"13":{"start":{"line":26,"column":35},"end":{"line":38,"column":1}},"14":{"start":{"line":27,"column":14},"end":{"line":27,"column":15}},"15":{"start":{"line":28,"column":2},"end":{"line":28,"column":36}},"16":{"start":{"line":28,"column":28},"end":{"line":28,"column":36}},"17":{"start":{"line":29,"column":2},"end":{"line":29,"column":38}},"18":{"start":{"line":29,"column":30},"end":{"line":29,"column":38}},"19":{"start":{"line":30,"column":2},"end":{"line":30,"column":38}},"20":{"start":{"line":30,"column":30},"end":{"line":30,"column":38}},"21":{"start":{"line":31,"column":2},"end":{"line":31,"column":38}},"22":{"start":{"line":31,"column":30},"end":{"line":31,"column":38}},"23":{"start":{"line":32,"column":2},"end":{"line":32,"column":43}},"24":{"start":{"line":32,"column":35},"end":{"line":32,"column":43}},"25":{"start":{"line":34,"column":2},"end":{"line":34,"column":61}},"26":{"start":{"line":34,"column":18},"end":{"line":34,"column":61}},"27":{"start":{"line":35,"column":2},"end":{"line":35,"column":61}},"28":{"start":{"line":35,"column":18},"end":{"line":35,"column":61}},"29":{"start":{"line":36,"column":2},"end":{"line":36,"column":61}},"30":{"start":{"line":36,"column":18},"end":{"line":36,"column":61}},"31":{"start":{"line":37,"column":2},"end":{"line":37,"column":47}}},"fnMap":{"0":{"name":"(anonymous_0)","decl":{"start":{"line":1,"column":32},"end":{"line":1,"column":33}},"loc":{"start":{"line":1,"column":46},"end":{"line":24,"column":1}},"line":1},"1":{"name":"(anonymous_1)","decl":{"start":{"line":26,"column":35},"end":{"line":26,"column":36}},"loc":{"start":{"line":26,"column":49},"end":{"line":38,"column":1}},"line":26}},"branchMap":{"0":{"loc":{"start":{"line":4,"column":2},"end":{"line":6,"column":3}},"type":"if","locations":[{"start":{"line":4,"column":2},"end":{"line":6,"column":3}},{"start":{},"end":{}}],"line":4},"1":{"loc":{"start":{"line":7,"column":2},"end":{"line":9,"column":3}},"type":"if","locations":[{"start":{"line":7,"column":2},"end":{"line":9,"column":3}},{"start":{},"end":{}}],"line":7},"2":{"loc":{"start":{"line":10,"column":2},"end":{"line":12,"column":3}},"type":"if","locations":[{"start":{"line":10,"column":2},"end":{"line":12,"column":3}},{"start":{},"end":{}}],"line":10},"3":{"loc":{"start":{"line":13,"column":2},"end":{"line":15,"column":3}},"type":"if","locations":[{"start":{"line":13,"column":2},"end":{"line":15,"column":3}},{"start":{},"end":{}}],"line":13},"4":{"loc":{"start":{"line":16,"column":2},"end":{"line":18,"column":3}},"type":"if","locations":[{"start":{"line":16,"column":2},"end":{"line":18,"column":3}},{"start":{},"end":{}}],"line":16},"5":{"loc":{"start":{"line":28,"column":2},"end":{"line":28,"column":36}},"type":"if","locations":[{"start":{"line":28,"column":2},"end":{"line":28,"column":36}},{"start":{},"end":{}}],"line":28},"6":{"loc":{"start":{"line":29,"column":2},"end":{"line":29,"column":38}},"type":"if","locations":[{"start":{"line":29,"column":2},"end":{"line":29,"column":38}},{"start":{},"end":{}}],"line":29},"7":{"loc":{"start":{"line":30,"column":2},"end":{"line":30,"column":38}},"type":"if","locations":[{"start":{"line":30,"column":2},"end":{"line":30,"column":38}},{"start":{},"end":{}}],"line":30},"8":{"loc":{"start":{"line":31,"column":2},"end":{"line":31,"column":38}},"type":"if","locations":[{"start":{"line":31,"column":2},"end":{"line":31,"column":38}},{"start":{},"end":{}}],"line":31},"9":{"loc":{"start":{"line":32,"column":2},"end":{"line":32,"column":43}},"type":"if","locations":[{"start":{"line":32,"column":2},"end":{"line":32,"column":43}},{"start":{},"end":{}}],"line":32},"10":{"loc":{"start":{"line":34,"column":2},"end":{"line":34,"column":61}},"type":"if","locations":[{"start":{"line":34,"column":2},"end":{"line":34,"column":61}},{"start":{},"end":{}}],"line":34},"11":{"loc":{"start":{"line":35,"column":2},"end":{"line":35,"column":61}},"type":"if","locations":[{"start":{"line":35,"column":2},"end":{"line":35,"column":61}},{"start":{},"end":{}}],"line":35},"12":{"loc":{"start":{"line":36,"column":2},"end":{"line":36,"column":61}},"type":"if","locations":[{"start":{"line":36,"column":2},"end":{"line":36,"column":61}},{"start":{},"end":{}}],"line":36}},"s":{"0":1,"1":9,"2":9,"3":1,"4":9,"5":2,"6":9,"7":0,"8":9,"9":1,"10":9,"11":1,"12":9,"13":1,"14":0,"15":0,"16":0,"17":0,"18":0,"19":0,"20":0,"21":0,"22":0,"23":0,"24":0,"25":0,"26":0,"27":0,"28":0,"29":0,"30":0,"31":0},"f":{"0":9,"1":0},"b":{"0":[1,8],"1":[2,7],"2":[0,9],"3":[1,8],"4":[1,8],"5":[0,0],"6":[0,0],"7":[0,0],"8":[0,0],"9":[0,0],"10":[0,0],"11":[0,0],"12":[0,0]},"_coverageSchema":"1a1c01bbd47fc00a2c39e90264f33305004495a9","hash":"6461de4358fe0e1af6c0a8e18af6565c519f996e"}
,"E:\\capgemini-training\\MediBook-Frontend\\src\\utils\\tokenUtils.js": {"path":"E:\\capgemini-training\\MediBook-Frontend\\src\\utils\\tokenUtils.js","statementMap":{"0":{"start":{"line":1,"column":25},"end":{"line":3,"column":1}},"1":{"start":{"line":2,"column":2},"end":{"line":2,"column":48}},"2":{"start":{"line":5,"column":24},"end":{"line":7,"column":1}},"3":{"start":{"line":6,"column":2},"end":{"line":6,"column":48}},"4":{"start":{"line":9,"column":27},"end":{"line":11,"column":1}},"5":{"start":{"line":10,"column":2},"end":{"line":10,"column":44}},"6":{"start":{"line":13,"column":26},"end":{"line":30,"column":1}},"7":{"start":{"line":14,"column":2},"end":{"line":29,"column":3}},"8":{"start":{"line":15,"column":22},"end":{"line":15,"column":41}},"9":{"start":{"line":16,"column":19},"end":{"line":18,"column":25}},"10":{"start":{"line":19,"column":24},"end":{"line":25,"column":5}},"11":{"start":{"line":22,"column":18},"end":{"line":23,"column":34}},"12":{"start":{"line":26,"column":4},"end":{"line":26,"column":35}},"13":{"start":{"line":28,"column":4},"end":{"line":28,"column":16}},"14":{"start":{"line":32,"column":27},"end":{"line":37,"column":1}},"15":{"start":{"line":33,"column":16},"end":{"line":33,"column":26}},"16":{"start":{"line":34,"column":2},"end":{"line":34,"column":26}},"17":{"start":{"line":34,"column":14},"end":{"line":34,"column":26}},"18":{"start":{"line":35,"column":18},"end":{"line":35,"column":35}},"19":{"start":{"line":36,"column":2},"end":{"line":36,"column":39}},"20":{"start":{"line":39,"column":28},"end":{"line":44,"column":1}},"21":{"start":{"line":40,"column":16},"end":{"line":40,"column":26}},"22":{"start":{"line":41,"column":2},"end":{"line":41,"column":26}},"23":{"start":{"line":41,"column":14},"end":{"line":41,"column":26}},"24":{"start":{"line":42,"column":18},"end":{"line":42,"column":35}},"25":{"start":{"line":43,"column":2},"end":{"line":43,"column":38}},"26":{"start":{"line":46,"column":30},"end":{"line":52,"column":1}},"27":{"start":{"line":47,"column":16},"end":{"line":47,"column":26}},"28":{"start":{"line":48,"column":2},"end":{"line":48,"column":26}},"29":{"start":{"line":48,"column":14},"end":{"line":48,"column":26}},"30":{"start":{"line":49,"column":18},"end":{"line":49,"column":35}},"31":{"start":{"line":50,"column":2},"end":{"line":50,"column":28}},"32":{"start":{"line":50,"column":16},"end":{"line":50,"column":28}},"33":{"start":{"line":51,"column":2},"end":{"line":51,"column":41}}},"fnMap":{"0":{"name":"(anonymous_0)","decl":{"start":{"line":1,"column":25},"end":{"line":1,"column":26}},"loc":{"start":{"line":1,"column":36},"end":{"line":3,"column":1}},"line":1},"1":{"name":"(anonymous_1)","decl":{"start":{"line":5,"column":24},"end":{"line":5,"column":25}},"loc":{"start":{"line":5,"column":30},"end":{"line":7,"column":1}},"line":5},"2":{"name":"(anonymous_2)","decl":{"start":{"line":9,"column":27},"end":{"line":9,"column":28}},"loc":{"start":{"line":9,"column":33},"end":{"line":11,"column":1}},"line":9},"3":{"name":"(anonymous_3)","decl":{"start":{"line":13,"column":26},"end":{"line":13,"column":27}},"loc":{"start":{"line":13,"column":37},"end":{"line":30,"column":1}},"line":13},"4":{"name":"(anonymous_4)","decl":{"start":{"line":22,"column":13},"end":{"line":22,"column":14}},"loc":{"start":{"line":22,"column":18},"end":{"line":23,"column":34}},"line":22},"5":{"name":"(anonymous_5)","decl":{"start":{"line":32,"column":27},"end":{"line":32,"column":28}},"loc":{"start":{"line":32,"column":33},"end":{"line":37,"column":1}},"line":32},"6":{"name":"(anonymous_6)","decl":{"start":{"line":39,"column":28},"end":{"line":39,"column":29}},"loc":{"start":{"line":39,"column":34},"end":{"line":44,"column":1}},"line":39},"7":{"name":"(anonymous_7)","decl":{"start":{"line":46,"column":30},"end":{"line":46,"column":31}},"loc":{"start":{"line":46,"column":36},"end":{"line":52,"column":1}},"line":46}},"branchMap":{"0":{"loc":{"start":{"line":34,"column":2},"end":{"line":34,"column":26}},"type":"if","locations":[{"start":{"line":34,"column":2},"end":{"line":34,"column":26}},{"start":{},"end":{}}],"line":34},"1":{"loc":{"start":{"line":36,"column":9},"end":{"line":36,"column":38}},"type":"cond-expr","locations":[{"start":{"line":36,"column":19},"end":{"line":36,"column":31}},{"start":{"line":36,"column":34},"end":{"line":36,"column":38}}],"line":36},"2":{"loc":{"start":{"line":41,"column":2},"end":{"line":41,"column":26}},"type":"if","locations":[{"start":{"line":41,"column":2},"end":{"line":41,"column":26}},{"start":{},"end":{}}],"line":41},"3":{"loc":{"start":{"line":43,"column":9},"end":{"line":43,"column":37}},"type":"cond-expr","locations":[{"start":{"line":43,"column":19},"end":{"line":43,"column":30}},{"start":{"line":43,"column":33},"end":{"line":43,"column":37}}],"line":43},"4":{"loc":{"start":{"line":48,"column":2},"end":{"line":48,"column":26}},"type":"if","locations":[{"start":{"line":48,"column":2},"end":{"line":48,"column":26}},{"start":{},"end":{}}],"line":48},"5":{"loc":{"start":{"line":50,"column":2},"end":{"line":50,"column":28}},"type":"if","locations":[{"start":{"line":50,"column":2},"end":{"line":50,"column":28}},{"start":{},"end":{}}],"line":50}},"s":{"0":9,"1":0,"2":9,"3":0,"4":9,"5":0,"6":9,"7":0,"8":0,"9":0,"10":0,"11":0,"12":0,"13":0,"14":9,"15":0,"16":0,"17":0,"18":0,"19":0,"20":9,"21":0,"22":0,"23":0,"24":0,"25":0,"26":9,"27":0,"28":0,"29":0,"30":0,"31":0,"32":0,"33":0},"f":{"0":0,"1":0,"2":0,"3":0,"4":0,"5":0,"6":0,"7":0},"b":{"0":[0,0],"1":[0,0],"2":[0,0],"3":[0,0],"4":[0,0],"5":[0,0]},"_coverageSchema":"1a1c01bbd47fc00a2c39e90264f33305004495a9","hash":"437279f19d8e6240e42b53776ce8383e1c0ef055"}
}
