TN:
SF:src\__tests__\testHelpers.jsx
FN:15,(anonymous_0)
FN:16,(anonymous_1)
FN:17,(anonymous_2)
FN:18,(anonymous_3)
FN:28,(anonymous_4)
FN:29,(anonymous_5)
FN:30,(anonymous_6)
FN:31,(anonymous_7)
FN:43,(anonymous_8)
FN:44,(anonymous_9)
FN:45,(anonymous_10)
FN:46,(anonymous_11)
FN:50,(anonymous_12)
FNF:13
FNH:0
FNDA:0,(anonymous_0)
FNDA:0,(anonymous_1)
FNDA:0,(anonymous_2)
FNDA:0,(anonymous_3)
FNDA:0,(anonymous_4)
FNDA:0,(anonymous_5)
FNDA:0,(anonymous_6)
FNDA:0,(anonymous_7)
FNDA:0,(anonymous_8)
FNDA:0,(anonymous_9)
FNDA:0,(anonymous_10)
FNDA:0,(anonymous_11)
FNDA:0,(anonymous_12)
DA:6,1
DA:8,1
DA:15,0
DA:16,0
DA:17,0
DA:18,0
DA:21,1
DA:28,0
DA:29,0
DA:30,0
DA:31,0
DA:36,1
DA:43,0
DA:44,0
DA:45,0
DA:46,0
DA:50,1
DA:51,0
DA:59,1
DA:65,1
DA:110,1
DA:137,1
LF:22
LH:9
BRDA:50,0,0,0
BRDA:50,1,0,0
BRF:2
BRH:0
end_of_record
TN:
SF:src\api\appointmentApi.js
FN:3,(anonymous_0)
FN:9,(anonymous_1)
FN:15,(anonymous_2)
FN:21,(anonymous_3)
FN:27,(anonymous_4)
FNF:5
FNH:0
FNDA:0,(anonymous_0)
FNDA:0,(anonymous_1)
FNDA:0,(anonymous_2)
FNDA:0,(anonymous_3)
FNDA:0,(anonymous_4)
DA:3,1
DA:4,0
DA:6,0
DA:9,1
DA:10,0
DA:12,0
DA:15,1
DA:16,0
DA:18,0
DA:21,1
DA:22,0
DA:24,0
DA:27,1
DA:28,0
DA:30,0
LF:15
LH:5
BRF:0
BRH:0
end_of_record
TN:
SF:src\api\authApi.js
FN:3,(anonymous_0)
FN:11,(anonymous_1)
FN:17,(anonymous_2)
FN:23,(anonymous_3)
FN:30,(anonymous_4)
FN:37,(anonymous_5)
FN:44,(anonymous_6)
FN:51,(anonymous_7)
FNF:8
FNH:0
FNDA:0,(anonymous_0)
FNDA:0,(anonymous_1)
FNDA:0,(anonymous_2)
FNDA:0,(anonymous_3)
FNDA:0,(anonymous_4)
FNDA:0,(anonymous_5)
FNDA:0,(anonymous_6)
FNDA:0,(anonymous_7)
DA:3,2
DA:4,0
DA:8,0
DA:11,2
DA:12,0
DA:14,0
DA:17,2
DA:18,0
DA:20,0
DA:23,2
DA:24,0
DA:27,0
DA:30,2
DA:31,0
DA:34,0
DA:37,2
DA:38,0
DA:41,0
DA:44,2
DA:45,0
DA:48,0
DA:51,2
DA:52,0
DA:55,0
LF:24
LH:8
BRF:0
BRH:0
end_of_record
TN:
SF:src\api\axiosInstance.js
FN:14,(anonymous_0)
FN:21,(anonymous_1)
FN:28,(anonymous_2)
FN:29,(anonymous_3)
FNF:4
FNH:0
FNDA:0,(anonymous_0)
FNDA:0,(anonymous_1)
FNDA:0,(anonymous_2)
FNDA:0,(anonymous_3)
DA:5,10
DA:13,10
DA:15,0
DA:16,0
DA:17,0
DA:19,0
DA:21,0
DA:27,10
DA:28,0
DA:30,0
DA:31,0
DA:32,0
DA:33,0
DA:34,0
DA:39,0
LF:15
LH:3
BRDA:16,0,0,0
BRDA:16,0,1,0
BRDA:30,1,0,0
BRDA:30,1,1,0
BRDA:32,2,0,0
BRDA:32,2,1,0
BRF:6
BRH:0
end_of_record
TN:
SF:src\api\notificationApi.js
FN:3,(anonymous_0)
FN:12,(anonymous_1)
FN:21,(anonymous_2)
FN:30,(anonymous_3)
FN:39,(anonymous_4)
FN:48,(anonymous_5)
FN:53,(anonymous_6)
FN:58,(anonymous_7)
FN:63,(anonymous_8)
FN:68,(anonymous_9)
FNF:10
FNH:0
FNDA:0,(anonymous_0)
FNDA:0,(anonymous_1)
FNDA:0,(anonymous_2)
FNDA:0,(anonymous_3)
FNDA:0,(anonymous_4)
FNDA:0,(anonymous_5)
FNDA:0,(anonymous_6)
FNDA:0,(anonymous_7)
FNDA:0,(anonymous_8)
FNDA:0,(anonymous_9)
DA:3,1
DA:4,0
DA:5,0
DA:6,0
DA:8,0
DA:12,1
DA:13,0
DA:14,0
DA:15,0
DA:17,0
DA:21,1
DA:22,0
DA:23,0
DA:24,0
DA:26,0
DA:30,1
DA:31,0
DA:32,0
DA:33,0
DA:35,0
DA:39,1
DA:40,0
DA:41,0
DA:42,0
DA:44,0
DA:48,1
DA:49,0
DA:50,0
DA:53,1
DA:54,0
DA:55,0
DA:58,1
DA:59,0
DA:60,0
DA:63,1
DA:64,0
DA:65,0
DA:68,1
DA:69,0
DA:70,0
LF:40
LH:10
BRF:0
BRH:0
end_of_record
TN:
SF:src\api\paymentApi.js
FN:3,(anonymous_0)
FN:8,(anonymous_1)
FN:13,(anonymous_2)
FN:18,(anonymous_3)
FN:23,(anonymous_4)
FN:28,(anonymous_5)
FN:33,(anonymous_6)
FN:41,(anonymous_7)
FNF:8
FNH:0
FNDA:0,(anonymous_0)
FNDA:0,(anonymous_1)
FNDA:0,(anonymous_2)
FNDA:0,(anonymous_3)
FNDA:0,(anonymous_4)
FNDA:0,(anonymous_5)
FNDA:0,(anonymous_6)
FNDA:0,(anonymous_7)
DA:3,1
DA:4,0
DA:5,0
DA:8,1
DA:9,0
DA:10,0
DA:13,1
DA:14,0
DA:15,0
DA:18,1
DA:19,0
DA:20,0
DA:23,1
DA:24,0
DA:25,0
DA:28,1
DA:29,0
DA:30,0
DA:33,1
DA:34,0
DA:38,0
DA:41,1
DA:42,0
DA:43,0
LF:24
LH:8
BRF:0
BRH:0
end_of_record
TN:
SF:src\api\providerApi.js
FN:3,(anonymous_0)
FN:8,(anonymous_1)
FN:14,(anonymous_2)
FN:19,(anonymous_3)
FN:25,(anonymous_4)
FN:31,(anonymous_5)
FN:37,(anonymous_6)
FN:43,(anonymous_7)
FN:49,(anonymous_8)
FN:55,(anonymous_9)
FN:61,(anonymous_10)
FN:67,(anonymous_11)
FN:74,(anonymous_12)
FN:79,(anonymous_13)
FN:84,(anonymous_14)
FNF:15
FNH:0
FNDA:0,(anonymous_0)
FNDA:0,(anonymous_1)
FNDA:0,(anonymous_2)
FNDA:0,(anonymous_3)
FNDA:0,(anonymous_4)
FNDA:0,(anonymous_5)
FNDA:0,(anonymous_6)
FNDA:0,(anonymous_7)
FNDA:0,(anonymous_8)
FNDA:0,(anonymous_9)
FNDA:0,(anonymous_10)
FNDA:0,(anonymous_11)
FNDA:0,(anonymous_12)
FNDA:0,(anonymous_13)
FNDA:0,(anonymous_14)
DA:3,3
DA:4,0
DA:5,0
DA:8,3
DA:9,0
DA:11,0
DA:14,3
DA:15,0
DA:16,0
DA:19,3
DA:20,0
DA:22,0
DA:25,3
DA:26,0
DA:28,0
DA:31,3
DA:32,0
DA:34,0
DA:37,3
DA:38,0
DA:40,0
DA:43,3
DA:44,0
DA:46,0
DA:49,3
DA:50,0
DA:52,0
DA:55,3
DA:56,0
DA:58,0
DA:61,3
DA:62,0
DA:64,0
DA:67,3
DA:68,0
DA:71,0
DA:74,3
DA:75,0
DA:76,0
DA:79,3
DA:80,0
DA:81,0
DA:84,3
DA:85,0
DA:86,0
LF:45
LH:15
BRF:0
BRH:0
end_of_record
TN:
SF:src\api\reviewApi.js
FN:3,(anonymous_0)
FN:8,(anonymous_1)
FN:13,(anonymous_2)
FN:18,(anonymous_3)
FN:23,(anonymous_4)
FN:28,(anonymous_5)
FNF:6
FNH:0
FNDA:0,(anonymous_0)
FNDA:0,(anonymous_1)
FNDA:0,(anonymous_2)
FNDA:0,(anonymous_3)
FNDA:0,(anonymous_4)
FNDA:0,(anonymous_5)
DA:3,1
DA:4,0
DA:5,0
DA:8,1
DA:9,0
DA:10,0
DA:13,1
DA:14,0
DA:15,0
DA:18,1
DA:19,0
DA:20,0
DA:23,1
DA:24,0
DA:25,0
DA:28,1
DA:29,0
DA:30,0
LF:18
LH:6
BRF:0
BRH:0
end_of_record
TN:
SF:src\api\scheduleApi.js
FN:3,(anonymous_0)
FN:9,(anonymous_1)
FN:14,(anonymous_2)
FN:20,(anonymous_3)
FN:26,(anonymous_4)
FN:32,(anonymous_5)
FNF:6
FNH:0
FNDA:0,(anonymous_0)
FNDA:0,(anonymous_1)
FNDA:0,(anonymous_2)
FNDA:0,(anonymous_3)
FNDA:0,(anonymous_4)
FNDA:0,(anonymous_5)
DA:3,1
DA:4,0
DA:6,0
DA:9,1
DA:10,0
DA:11,0
DA:14,1
DA:15,0
DA:17,0
DA:20,1
DA:21,0
DA:23,0
DA:26,1
DA:27,0
DA:29,0
DA:32,1
DA:33,0
DA:35,0
LF:18
LH:6
BRF:0
BRH:0
end_of_record
TN:
SF:src\pages\auth\LoginPage.jsx
FN:9,(anonymous_0)
FN:16,(anonymous_1)
FN:102,(anonymous_2)
FN:113,(anonymous_3)
FN:150,(anonymous_4)
FN:163,(anonymous_5)
FN:176,(anonymous_6)
FNF:7
FNH:4
FNDA:183,(anonymous_0)
FNDA:7,(anonymous_1)
FNDA:103,(anonymous_2)
FNDA:57,(anonymous_3)
FNDA:0,(anonymous_4)
FNDA:0,(anonymous_5)
FNDA:0,(anonymous_6)
DA:9,1
DA:10,183
DA:11,183
DA:12,183
DA:13,183
DA:14,183
DA:16,183
DA:17,7
DA:18,7
DA:19,1
DA:20,1
DA:22,6
DA:23,6
DA:24,6
DA:26,6
DA:27,4
DA:29,4
DA:30,4
DA:31,4
DA:32,4
DA:34,4
DA:35,4
DA:37,4
DA:38,4
DA:39,4
DA:41,4
DA:42,1
DA:43,1
DA:44,1
DA:46,0
DA:47,0
DA:48,0
DA:52,4
DA:53,4
DA:54,2
DA:55,1
DA:58,2
DA:60,6
DA:64,183
DA:102,103
DA:113,57
DA:151,0
DA:152,0
DA:164,0
DA:165,0
DA:177,0
DA:178,0
LF:47
LH:38
BRDA:18,0,0,1
BRDA:18,0,1,6
BRDA:18,1,0,7
BRDA:18,1,1,6
BRDA:39,2,0,4
BRDA:39,2,1,0
BRDA:41,3,0,1
BRDA:41,3,1,3
BRDA:53,4,0,2
BRDA:53,4,1,2
BRDA:54,5,0,1
BRDA:54,5,1,1
BRDA:55,6,0,1
BRDA:55,6,1,0
BRDA:58,7,0,2
BRDA:58,7,1,1
BRDA:131,8,0,6
BRDA:131,8,1,177
BRF:18
BRH:16
end_of_record
TN:
SF:src\pages\auth\RegisterPage.jsx
FN:9,(anonymous_0)
FN:31,(anonymous_1)
FN:36,(anonymous_2)
FN:38,(anonymous_3)
FN:39,(anonymous_4)
FN:43,(anonymous_5)
FN:47,(anonymous_6)
FN:82,(anonymous_7)
FN:116,(anonymous_8)
FN:162,(anonymous_9)
FN:165,(anonymous_10)
FN:229,(anonymous_11)
FN:289,(anonymous_12)
FN:337,(anonymous_13)
FNF:14
FNH:10
FNDA:609,(anonymous_0)
FNDA:14,(anonymous_1)
FNDA:20,(anonymous_2)
FNDA:0,(anonymous_3)
FNDA:6,(anonymous_4)
FNDA:551,(anonymous_5)
FNDA:11,(anonymous_6)
FNDA:2,(anonymous_7)
FNDA:0,(anonymous_8)
FNDA:1174,(anonymous_9)
FNDA:0,(anonymous_10)
FNDA:0,(anonymous_11)
FNDA:12,(anonymous_12)
FNDA:1,(anonymous_13)
DA:9,1
DA:10,609
DA:13,609
DA:15,609
DA:25,609
DA:26,609
DA:27,609
DA:28,609
DA:29,609
DA:31,609
DA:32,14
DA:36,609
DA:37,20
DA:38,6
DA:39,6
DA:43,609
DA:44,551
DA:47,609
DA:48,11
DA:50,11
DA:52,1
DA:53,1
DA:55,10
DA:56,1
DA:57,1
DA:59,9
DA:60,9
DA:61,2
DA:62,2
DA:64,7
DA:65,0
DA:66,0
DA:69,7
DA:70,7
DA:71,7
DA:72,6
DA:73,6
DA:74,6
DA:76,1
DA:78,7
DA:82,609
DA:83,2
DA:84,2
DA:85,0
DA:86,0
DA:88,2
DA:89,2
DA:91,2
DA:94,1
DA:103,1
DA:104,0
DA:107,1
DA:108,1
DA:110,1
DA:112,2
DA:116,609
DA:117,0
DA:118,0
DA:119,0
DA:120,0
DA:121,0
DA:122,0
DA:124,0
DA:128,609
DA:163,1174
DA:165,0
DA:230,0
DA:289,12
DA:337,1
LF:69
LH:55
BRDA:37,0,0,6
BRDA:37,0,1,14
BRDA:50,1,0,1
BRDA:50,1,1,10
BRDA:50,2,0,11
BRDA:50,2,1,10
BRDA:50,2,2,10
BRDA:50,2,3,10
BRDA:55,3,0,1
BRDA:55,3,1,9
BRDA:60,4,0,2
BRDA:60,4,1,7
BRDA:64,5,0,0
BRDA:64,5,1,7
BRDA:64,6,0,7
BRDA:64,6,1,0
BRDA:76,7,0,1
BRDA:76,7,1,0
BRDA:84,8,0,0
BRDA:84,8,1,2
BRDA:84,9,0,2
BRDA:84,9,1,2
BRDA:103,10,0,0
BRDA:103,10,1,1
BRDA:110,11,0,1
BRDA:110,11,1,1
BRDA:117,12,0,0
BRDA:117,12,1,0
BRDA:148,13,0,587
BRDA:148,13,1,22
BRDA:151,14,0,587
BRDA:151,14,1,22
BRDA:158,15,0,609
BRDA:158,15,1,587
BRDA:169,16,0,587
BRDA:169,16,1,587
BRDA:170,17,0,587
BRDA:170,17,1,587
BRDA:171,18,0,587
BRDA:171,18,1,587
BRDA:176,19,0,587
BRDA:176,19,1,587
BRDA:222,20,0,587
BRDA:222,20,1,0
BRDA:254,21,0,7
BRDA:254,21,1,580
BRDA:261,22,0,609
BRDA:261,22,1,22
BRDA:307,23,0,22
BRDA:307,23,1,20
BRDA:309,24,0,2
BRDA:309,24,1,20
BRDA:314,25,0,22
BRDA:314,25,1,0
BRF:54
BRH:45
end_of_record
TN:
SF:src\pages\patient\PatientAppointments.jsx
FN:17,(anonymous_0)
FN:54,(anonymous_1)
FN:59,(anonymous_2)
FN:60,(anonymous_3)
FN:62,(anonymous_4)
FN:74,(anonymous_5)
FN:87,(anonymous_6)
FN:96,(anonymous_7)
FN:101,(anonymous_8)
FN:112,(anonymous_9)
FN:122,(anonymous_10)
FN:127,(anonymous_11)
FN:128,(anonymous_12)
FN:138,(anonymous_13)
FN:152,(anonymous_14)
FN:170,(anonymous_15)
FN:178,(anonymous_16)
FN:196,(anonymous_17)
FN:269,(anonymous_18)
FN:312,(anonymous_19)
FN:322,(anonymous_20)
FN:334,(anonymous_21)
FN:345,(anonymous_22)
FN:351,(anonymous_23)
FN:357,(anonymous_24)
FN:371,(anonymous_25)
FN:372,(anonymous_26)
FN:394,(anonymous_27)
FN:409,(anonymous_28)
FN:423,(anonymous_29)
FN:441,(anonymous_30)
FN:469,(anonymous_31)
FN:516,(anonymous_32)
FN:519,(anonymous_33)
FN:526,(anonymous_34)
FN:530,(anonymous_35)
FN:551,(anonymous_36)
FN:576,(anonymous_37)
FN:585,(anonymous_38)
FN:586,(anonymous_39)
FN:590,(anonymous_40)
FN:654,(anonymous_41)
FN:695,(anonymous_42)
FN:710,(anonymous_43)
FN:733,(anonymous_44)
FN:744,(anonymous_45)
FN:749,(anonymous_46)
FN:780,(anonymous_47)
FN:794,(anonymous_48)
FN:853,(anonymous_49)
FN:861,(anonymous_50)
FN:874,(anonymous_51)
FN:887,(anonymous_52)
FN:997,(anonymous_53)
FN:1004,(anonymous_54)
FN:1040,(anonymous_55)
FN:1058,(anonymous_56)
FN:1061,(anonymous_57)
FN:1087,(anonymous_58)
FN:1111,(anonymous_59)
FNF:60
FNH:35
FNDA:202,(anonymous_0)
FNDA:17,(anonymous_1)
FNDA:19,(anonymous_2)
FNDA:1,(anonymous_3)
FNDA:0,(anonymous_4)
FNDA:19,(anonymous_5)
FNDA:17,(anonymous_6)
FNDA:14,(anonymous_7)
FNDA:42,(anonymous_8)
FNDA:10,(anonymous_9)
FNDA:10,(anonymous_10)
FNDA:30,(anonymous_11)
FNDA:10,(anonymous_12)
FNDA:0,(anonymous_13)
FNDA:0,(anonymous_14)
FNDA:0,(anonymous_15)
FNDA:0,(anonymous_16)
FNDA:5,(anonymous_17)
FNDA:1,(anonymous_18)
FNDA:0,(anonymous_19)
FNDA:1,(anonymous_20)
FNDA:15,(anonymous_21)
FNDA:1,(anonymous_22)
FNDA:230,(anonymous_23)
FNDA:122,(anonymous_24)
FNDA:404,(anonymous_25)
FNDA:15,(anonymous_26)
FNDA:0,(anonymous_27)
FNDA:1,(anonymous_28)
FNDA:0,(anonymous_29)
FNDA:0,(anonymous_30)
FNDA:660,(anonymous_31)
FNDA:87,(anonymous_32)
FNDA:14,(anonymous_33)
FNDA:14,(anonymous_34)
FNDA:0,(anonymous_35)
FNDA:0,(anonymous_36)
FNDA:28,(anonymous_37)
FNDA:10,(anonymous_38)
FNDA:10,(anonymous_39)
FNDA:0,(anonymous_40)
FNDA:0,(anonymous_41)
FNDA:0,(anonymous_42)
FNDA:0,(anonymous_43)
FNDA:17,(anonymous_44)
FNDA:34,(anonymous_45)
FNDA:7,(anonymous_46)
FNDA:6,(anonymous_47)
FNDA:0,(anonymous_48)
FNDA:80,(anonymous_49)
FNDA:0,(anonymous_50)
FNDA:0,(anonymous_51)
FNDA:3,(anonymous_52)
FNDA:0,(anonymous_53)
FNDA:0,(anonymous_54)
FNDA:0,(anonymous_55)
FNDA:0,(anonymous_56)
FNDA:0,(anonymous_57)
FNDA:0,(anonymous_58)
FNDA:0,(anonymous_59)
DA:15,1
DA:17,1
DA:18,202
DA:19,202
DA:22,202
DA:25,202
DA:26,202
DA:27,202
DA:28,202
DA:29,202
DA:30,202
DA:31,202
DA:34,202
DA:35,202
DA:36,202
DA:37,202
DA:38,202
DA:39,202
DA:40,202
DA:41,202
DA:42,202
DA:43,202
DA:44,202
DA:47,202
DA:54,202
DA:55,17
DA:56,17
DA:59,202
DA:60,19
DA:61,19
DA:63,0
DA:64,0
DA:65,0
DA:67,0
DA:71,19
DA:74,202
DA:75,19
DA:76,19
DA:77,19
DA:78,19
DA:79,19
DA:81,0
DA:83,19
DA:87,202
DA:88,17
DA:89,17
DA:90,17
DA:92,0
DA:96,202
DA:97,14
DA:98,14
DA:99,14
DA:100,14
DA:101,42
DA:105,14
DA:106,14
DA:108,0
DA:112,202
DA:113,10
DA:114,10
DA:115,10
DA:116,10
DA:117,10
DA:119,10
DA:122,202
DA:123,10
DA:124,10
DA:125,10
DA:126,10
DA:127,30
DA:128,10
DA:129,10
DA:130,10
DA:132,0
DA:134,10
DA:138,202
DA:139,0
DA:140,0
DA:141,0
DA:142,0
DA:143,0
DA:144,0
DA:146,0
DA:148,0
DA:152,202
DA:153,0
DA:154,0
DA:155,0
DA:157,0
DA:158,0
DA:159,0
DA:168,0
DA:169,0
DA:170,0
DA:172,0
DA:174,0
DA:178,202
DA:179,0
DA:180,0
DA:181,0
DA:182,0
DA:189,0
DA:190,0
DA:192,0
DA:196,202
DA:197,5
DA:198,1
DA:199,1
DA:201,4
DA:202,4
DA:204,4
DA:207,3
DA:220,2
DA:223,2
DA:224,1
DA:232,1
DA:240,1
DA:246,1
DA:247,1
DA:248,1
DA:249,1
DA:250,1
DA:251,1
DA:255,1
DA:258,1
DA:270,1
DA:272,1
DA:279,1
DA:288,1
DA:296,1
DA:302,1
DA:303,1
DA:304,1
DA:305,1
DA:307,0
DA:309,1
DA:313,0
DA:314,0
DA:320,1
DA:321,1
DA:322,1
DA:323,1
DA:324,1
DA:326,1
DA:329,2
DA:330,2
DA:334,202
DA:335,15
DA:336,15
DA:337,15
DA:338,15
DA:339,15
DA:340,15
DA:341,15
DA:342,15
DA:345,202
DA:346,1
DA:347,1
DA:351,202
DA:352,230
DA:353,230
DA:354,230
DA:357,202
DA:358,122
DA:363,202
DA:372,404
DA:394,0
DA:410,1
DA:423,0
DA:442,0
DA:443,0
DA:444,0
DA:470,660
DA:517,87
DA:519,14
DA:527,14
DA:528,14
DA:531,0
DA:532,0
DA:551,0
DA:577,28
DA:585,10
DA:587,10
DA:588,10
DA:591,0
DA:592,0
DA:654,0
DA:695,0
DA:710,0
DA:734,17
DA:745,34
DA:746,34
DA:749,7
DA:780,6
DA:794,0
DA:853,80
DA:861,0
DA:874,0
DA:887,3
DA:997,0
DA:1004,0
DA:1040,0
DA:1059,0
DA:1061,0
DA:1087,0
DA:1111,0
LF:206
LH:146
BRDA:65,0,0,0
BRDA:65,0,1,0
BRDA:101,1,0,42
BRDA:101,1,1,28
BRDA:101,1,2,28
BRDA:127,2,0,30
BRDA:127,2,1,20
BRDA:128,3,0,10
BRDA:128,3,1,10
BRDA:130,4,0,0
BRDA:130,4,1,10
BRDA:139,5,0,0
BRDA:139,5,1,0
BRDA:144,6,0,0
BRDA:144,6,1,0
BRDA:153,7,0,0
BRDA:153,7,1,0
BRDA:172,8,0,0
BRDA:172,8,1,0
BRDA:179,9,0,0
BRDA:179,9,1,0
BRDA:197,10,0,1
BRDA:197,10,1,4
BRDA:220,11,0,2
BRDA:220,11,1,0
BRDA:223,12,0,1
BRDA:223,12,1,1
BRDA:266,13,0,1
BRDA:266,13,1,0
BRDA:329,14,0,2
BRDA:329,14,1,0
BRDA:347,15,0,1
BRDA:347,15,1,0
BRDA:352,16,0,115
BRDA:352,16,1,115
BRDA:372,17,0,15
BRDA:372,17,1,0
BRDA:375,18,0,202
BRDA:375,18,1,202
BRDA:376,19,0,202
BRDA:376,19,1,202
BRDA:379,20,0,202
BRDA:379,20,1,202
BRDA:385,21,0,202
BRDA:385,21,1,34
BRDA:387,22,0,34
BRDA:387,22,1,17
BRDA:390,23,0,34
BRDA:390,23,1,17
BRDA:390,23,2,16
BRDA:399,24,0,34
BRDA:399,24,1,17
BRDA:399,24,2,1
BRDA:419,25,0,1
BRDA:419,25,1,1
BRDA:428,26,0,1
BRDA:428,26,1,0
BRDA:429,27,0,0
BRDA:429,27,1,0
BRDA:463,28,0,202
BRDA:463,28,1,168
BRDA:467,29,0,168
BRDA:467,29,1,165
BRDA:473,30,0,518
BRDA:473,30,1,142
BRDA:474,31,0,518
BRDA:474,31,1,142
BRDA:482,32,0,518
BRDA:482,32,1,142
BRDA:483,33,0,165
BRDA:483,33,1,495
BRDA:487,34,0,660
BRDA:487,34,1,495
BRDA:490,35,0,353
BRDA:490,35,1,142
BRDA:500,36,0,168
BRDA:500,36,1,29
BRDA:508,37,0,29
BRDA:508,37,1,0
BRDA:546,38,0,168
BRDA:546,38,1,14
BRDA:564,39,0,14
BRDA:564,39,1,0
BRDA:603,40,0,0
BRDA:603,40,1,28
BRDA:621,41,0,28
BRDA:621,41,1,0
BRDA:627,42,0,28
BRDA:627,42,1,28
BRDA:628,43,0,28
BRDA:628,43,1,28
BRDA:629,44,0,28
BRDA:629,44,1,28
BRDA:630,45,0,28
BRDA:630,45,1,0
BRDA:637,46,0,28
BRDA:637,46,1,0
BRDA:649,47,0,168
BRDA:649,47,1,27
BRDA:659,48,0,27
BRDA:659,48,1,0
BRDA:680,49,0,27
BRDA:680,49,1,0
BRDA:705,50,0,27
BRDA:705,50,1,0
BRDA:717,51,0,27
BRDA:717,51,1,10
BRDA:723,52,0,27
BRDA:723,52,1,17
BRDA:723,52,2,0
BRDA:733,53,0,27
BRDA:733,53,1,17
BRDA:753,54,0,7
BRDA:753,54,1,27
BRDA:754,55,0,7
BRDA:754,55,1,27
BRDA:755,56,0,7
BRDA:755,56,1,27
BRDA:768,57,0,27
BRDA:768,57,1,7
BRDA:789,58,0,168
BRDA:789,58,1,95
BRDA:814,59,0,95
BRDA:814,59,1,0
BRDA:840,60,0,95
BRDA:840,60,1,0
BRDA:902,61,0,4
BRDA:902,61,1,91
BRDA:902,62,0,91
BRDA:902,62,1,0
BRDA:908,63,0,168
BRDA:908,63,1,3
BRDA:908,63,2,3
BRDA:941,64,0,0
BRDA:941,64,1,3
BRDA:957,65,0,3
BRDA:957,65,1,0
BRDA:986,66,0,3
BRDA:986,66,1,0
BRDA:1015,67,0,202
BRDA:1015,67,1,0
BRDA:1015,67,2,0
BRDA:1065,68,0,0
BRDA:1065,68,1,0
BRDA:1103,69,0,0
BRDA:1103,69,1,0
BRF:146
BRH:103
end_of_record
TN:
SF:src\utils\constants.js
FNF:0
FNH:0
DA:1,12
DA:3,12
DA:9,12
DA:25,12
LF:4
LH:4
BRF:0
BRH:0
end_of_record
TN:
SF:src\utils\passwordUtils.js
FN:1,(anonymous_0)
FN:26,(anonymous_1)
FNF:2
FNH:1
FNDA:9,(anonymous_0)
FNDA:0,(anonymous_1)
DA:1,1
DA:2,9
DA:4,9
DA:5,1
DA:7,9
DA:8,2
DA:10,9
DA:11,0
DA:13,9
DA:14,1
DA:16,9
DA:17,1
DA:20,9
DA:26,1
DA:27,0
DA:28,0
DA:29,0
DA:30,0
DA:31,0
DA:32,0
DA:34,0
DA:35,0
DA:36,0
DA:37,0
LF:24
LH:13
BRDA:4,0,0,1
BRDA:4,0,1,8
BRDA:7,1,0,2
BRDA:7,1,1,7
BRDA:10,2,0,0
BRDA:10,2,1,9
BRDA:13,3,0,1
BRDA:13,3,1,8
BRDA:16,4,0,1
BRDA:16,4,1,8
BRDA:28,5,0,0
BRDA:28,5,1,0
BRDA:29,6,0,0
BRDA:29,6,1,0
BRDA:30,7,0,0
BRDA:30,7,1,0
BRDA:31,8,0,0
BRDA:31,8,1,0
BRDA:32,9,0,0
BRDA:32,9,1,0
BRDA:34,10,0,0
BRDA:34,10,1,0
BRDA:35,11,0,0
BRDA:35,11,1,0
BRDA:36,12,0,0
BRDA:36,12,1,0
BRF:26
BRH:9
end_of_record
TN:
SF:src\utils\tokenUtils.js
FN:1,(anonymous_0)
FN:5,(anonymous_1)
FN:9,(anonymous_2)
FN:13,(anonymous_3)
FN:22,(anonymous_4)
FN:32,(anonymous_5)
FN:39,(anonymous_6)
FN:46,(anonymous_7)
FNF:8
FNH:0
FNDA:0,(anonymous_0)
FNDA:0,(anonymous_1)
FNDA:0,(anonymous_2)
FNDA:0,(anonymous_3)
FNDA:0,(anonymous_4)
FNDA:0,(anonymous_5)
FNDA:0,(anonymous_6)
FNDA:0,(anonymous_7)
DA:1,9
DA:2,0
DA:5,9
DA:6,0
DA:9,9
DA:10,0
DA:13,9
DA:14,0
DA:15,0
DA:16,0
DA:19,0
DA:22,0
DA:26,0
DA:28,0
DA:32,9
DA:33,0
DA:34,0
DA:35,0
DA:36,0
DA:39,9
DA:40,0
DA:41,0
DA:42,0
DA:43,0
DA:46,9
DA:47,0
DA:48,0
DA:49,0
DA:50,0
DA:51,0
LF:30
LH:7
BRDA:34,0,0,0
BRDA:34,0,1,0
BRDA:36,1,0,0
BRDA:36,1,1,0
BRDA:41,2,0,0
BRDA:41,2,1,0
BRDA:43,3,0,0
BRDA:43,3,1,0
BRDA:48,4,0,0
BRDA:48,4,1,0
BRDA:50,5,0,0
BRDA:50,5,1,0
BRF:12
BRH:0
end_of_record
